Analysis & Synthesis report for clk_div
Fri Jan 15 09:04:18 2016
Quartus II Version 9.0 Build 132 02/25/2009 SJ Full Version


---------------------
; Table of Contents ;
---------------------
  1. Legal Notice
  2. Analysis & Synthesis Summary
  3. Analysis & Synthesis Settings
  4. Analysis & Synthesis Source Files Read
  5. Analysis & Synthesis Resource Usage Summary
  6. Analysis & Synthesis Resource Utilization by Entity
  7. General Register Statistics
  8. Source assignments for lpm_counter:cnt_rtl_0
  9. Parameter Settings for User Entity Instance: Top-level Entity: |clk_div
 10. Parameter Settings for Inferred Entity Instance: lpm_counter:cnt_rtl_0
 11. Analysis & Synthesis Messages
 12. Analysis & Synthesis Suppressed Messages



----------------
; Legal Notice ;
----------------
Copyright (C) 1991-2009 Altera Corporation
Your use of Altera Corporation's design tools, logic functions 
and other software and tools, and its AMPP partner logic 
functions, and any output files from any of the foregoing 
(including device programming or simulation files), and any 
associated documentation or information are expressly subject 
to the terms and conditions of the Altera Program License 
Subscription Agreement, Altera MegaCore Function License 
Agreement, or other applicable license agreement, including, 
without limitation, that your use is for the sole purpose of 
programming logic devices manufactured by Altera and sold by 
Altera or its authorized distributors.  Please refer to the 
applicable agreement for further details.



+------------------------------------------------------------------------+
; Analysis & Synthesis Summary                                           ;
+-----------------------------+------------------------------------------+
; Analysis & Synthesis Status ; Successful - Fri Jan 15 09:04:18 2016    ;
; Quartus II Version          ; 9.0 Build 132 02/25/2009 SJ Full Version ;
; Revision Name               ; clk_div                                  ;
; Top-level Entity Name       ; clk_div                                  ;
; Family                      ; ACEX1K                                   ;
; Total logic elements        ; 43                                       ;
; Total pins                  ; 3                                        ;
; Total memory bits           ; 0                                        ;
; Total PLLs                  ; 0                                        ;
+-----------------------------+------------------------------------------+


+------------------------------------------------------------------------------------------------+
; Analysis & Synthesis Settings                                                                  ;
+----------------------------------------------------------------+---------------+---------------+
; Option                                                         ; Setting       ; Default Value ;
+----------------------------------------------------------------+---------------+---------------+
; Device                                                         ; EP1K30TC144-3 ;               ;
; Top-level entity name                                          ; clk_div       ; clk_div       ;
; Family name                                                    ; ACEX1K        ; Stratix II    ;
; Use Generated Physical Constraints File                        ; Off           ;               ;
; Use smart compilation                                          ; Off           ; Off           ;
; Create Debugging Nodes for IP Cores                            ; Off           ; Off           ;
; Preserve fewer node names                                      ; On            ; On            ;
; Disable OpenCore Plus hardware evaluation                      ; Off           ; Off           ;
; Verilog Version                                                ; Verilog_2001  ; Verilog_2001  ;
; VHDL Version                                                   ; VHDL93        ; VHDL93        ;
; State Machine Processing                                       ; Auto          ; Auto          ;
; Safe State Machine                                             ; Off           ; Off           ;
; Extract Verilog State Machines                                 ; On            ; On            ;
; Extract VHDL State Machines                                    ; On            ; On            ;
; Ignore Verilog initial constructs                              ; Off           ; Off           ;
; Iteration limit for constant Verilog loops                     ; 5000          ; 5000          ;
; Iteration limit for non-constant Verilog loops                 ; 250           ; 250           ;
; Add Pass-Through Logic to Inferred RAMs                        ; On            ; On            ;
; Parallel Synthesis                                             ; Off           ; Off           ;
; NOT Gate Push-Back                                             ; On            ; On            ;
; Power-Up Don't Care                                            ; On            ; On            ;
; Remove Redundant Logic Cells                                   ; Off           ; Off           ;
; Remove Duplicate Registers                                     ; On            ; On            ;
; Ignore CARRY Buffers                                           ; Off           ; Off           ;
; Ignore CASCADE Buffers                                         ; Off           ; Off           ;
; Ignore GLOBAL Buffers                                          ; Off           ; Off           ;
; Ignore ROW GLOBAL Buffers                                      ; Off           ; Off           ;
; Ignore LCELL Buffers                                           ; Off           ; Off           ;
; Ignore SOFT Buffers                                            ; On            ; On            ;
; Limit AHDL Integers to 32 Bits                                 ; Off           ; Off           ;
; Auto Implement in ROM                                          ; Off           ; Off           ;
; Optimization Technique                                         ; Area          ; Area          ;
; Carry Chain Length                                             ; 32            ; 32            ;
; Cascade Chain Length                                           ; 2             ; 2             ;
; Auto Carry Chains                                              ; On            ; On            ;
; Auto Open-Drain Pins                                           ; On            ; On            ;
; Auto ROM Replacement                                           ; On            ; On            ;
; Auto RAM Replacement                                           ; On            ; On            ;
; Auto Clock Enable Replacement                                  ; On            ; On            ;
; Strict RAM Replacement                                         ; Off           ; Off           ;
; Auto Resource Sharing                                          ; Off           ; Off           ;
; Allow Any RAM Size For Recognition                             ; Off           ; Off           ;
; Allow Any ROM Size For Recognition                             ; Off           ; Off           ;
; Use LogicLock Constraints during Resource Balancing            ; On            ; On            ;
; Ignore translate_off and synthesis_off directives              ; Off           ; Off           ;
; Show Parameter Settings Tables in Synthesis Report             ; On            ; On            ;
; HDL message level                                              ; Level2        ; Level2        ;
; Suppress Register Optimization Related Messages                ; Off           ; Off           ;
; Number of Removed Registers Reported in Synthesis Report       ; 100           ; 100           ;
; Number of Inverted Registers Reported in Synthesis Report      ; 100           ; 100           ;
; Block Design Naming                                            ; Auto          ; Auto          ;
; Synthesis Effort                                               ; Auto          ; Auto          ;
; Allows Asynchronous Clear Usage For Shift Register Replacement ; On            ; On            ;
; Analysis & Synthesis Message Level                             ; Medium        ; Medium        ;
+----------------------------------------------------------------+---------------+---------------+


+----------------------------------------------------------------------------------------------------------------------------------------------------+
; Analysis & Synthesis Source Files Read                                                                                                             ;
+----------------------------------+-----------------+------------------------+----------------------------------------------------------------------+
; File Name with User-Entered Path ; Used in Netlist ; File Type              ; File Name with Absolute Path                                         ;
+----------------------------------+-----------------+------------------------+----------------------------------------------------------------------+
; clk_div.v                        ; yes             ; User Verilog HDL File  ; C:/Users/yangs/OneDrive/EDAøŒ…Ë/CLK_dIV/clk_div.v                    ;
; lpm_counter.tdf                  ; yes             ; Megafunction           ; d:/altera/90/quartus/libraries/megafunctions/lpm_counter.tdf         ;
; lpm_constant.inc                 ; yes             ; Megafunction           ; d:/altera/90/quartus/libraries/megafunctions/lpm_constant.inc        ;
; lpm_decode.inc                   ; yes             ; Megafunction           ; d:/altera/90/quartus/libraries/megafunctions/lpm_decode.inc          ;
; lpm_add_sub.inc                  ; yes             ; Megafunction           ; d:/altera/90/quartus/libraries/megafunctions/lpm_add_sub.inc         ;
; cmpconst.inc                     ; yes             ; Megafunction           ; d:/altera/90/quartus/libraries/megafunctions/cmpconst.inc            ;
; lpm_compare.inc                  ; yes             ; Megafunction           ; d:/altera/90/quartus/libraries/megafunctions/lpm_compare.inc         ;
; lpm_counter.inc                  ; yes             ; Megafunction           ; d:/altera/90/quartus/libraries/megafunctions/lpm_counter.inc         ;
; dffeea.inc                       ; yes             ; Megafunction           ; d:/altera/90/quartus/libraries/megafunctions/dffeea.inc              ;
; alt_synch_counter.inc            ; yes             ; Megafunction           ; d:/altera/90/quartus/libraries/megafunctions/alt_synch_counter.inc   ;
; alt_synch_counter_f.inc          ; yes             ; Megafunction           ; d:/altera/90/quartus/libraries/megafunctions/alt_synch_counter_f.inc ;
; alt_counter_f10ke.inc            ; yes             ; Megafunction           ; d:/altera/90/quartus/libraries/megafunctions/alt_counter_f10ke.inc   ;
; alt_counter_stratix.inc          ; yes             ; Megafunction           ; d:/altera/90/quartus/libraries/megafunctions/alt_counter_stratix.inc ;
; aglobal90.inc                    ; yes             ; Megafunction           ; d:/altera/90/quartus/libraries/megafunctions/aglobal90.inc           ;
; alt_counter_f10ke.tdf            ; yes             ; Megafunction           ; d:/altera/90/quartus/libraries/megafunctions/alt_counter_f10ke.tdf   ;
; flex10ke_lcell.inc               ; yes             ; Megafunction           ; d:/altera/90/quartus/libraries/megafunctions/flex10ke_lcell.inc      ;
+----------------------------------+-----------------+------------------------+----------------------------------------------------------------------+


+-------------------------------------------------+
; Analysis & Synthesis Resource Usage Summary     ;
+-----------------------------------+-------------+
; Resource                          ; Usage       ;
+-----------------------------------+-------------+
; Total logic elements              ; 43          ;
; Total combinational functions     ; 43          ;
;     -- Total 4-input functions    ; 9           ;
;     -- Total 3-input functions    ; 0           ;
;     -- Total 2-input functions    ; 0           ;
;     -- Total 1-input functions    ; 34          ;
;     -- Total 0-input functions    ; 0           ;
; Total registers                   ; 33          ;
; Total logic cells in carry chains ; 32          ;
; I/O pins                          ; 3           ;
; Maximum fan-out node              ; LessThan0~6 ;
; Maximum fan-out                   ; 33          ;
; Total fan-out                     ; 171         ;
; Average fan-out                   ; 3.72        ;
+-----------------------------------+-------------+


+--------------------------------------------------------------------------------------------------------------------------------------------------------------------------------------------------------------------------------------------------------------+
; Analysis & Synthesis Resource Utilization by Entity                                                                                                                                                                                                          ;
+----------------------------------------+-------------+--------------+-------------+------+--------------+-------------------+------------------+-----------------+------------+---------------------------------------------------------------+--------------+
; Compilation Hierarchy Node             ; Logic Cells ; LC Registers ; Memory Bits ; Pins ; LUT-Only LCs ; Register-Only LCs ; LUT/Register LCs ; Carry Chain LCs ; Packed LCs ; Full Hierarchy Name                                           ; Library Name ;
+----------------------------------------+-------------+--------------+-------------+------+--------------+-------------------+------------------+-----------------+------------+---------------------------------------------------------------+--------------+
; |clk_div                               ; 43 (11)     ; 33           ; 0           ; 3    ; 10 (10)      ; 0 (0)             ; 33 (1)           ; 32 (0)          ; 0 (0)      ; |clk_div                                                      ; work         ;
;    |lpm_counter:cnt_rtl_0|             ; 32 (0)      ; 32           ; 0           ; 0    ; 0 (0)        ; 0 (0)             ; 32 (0)           ; 32 (0)          ; 0 (0)      ; |clk_div|lpm_counter:cnt_rtl_0                                ; work         ;
;       |alt_counter_f10ke:wysi_counter| ; 32 (32)     ; 32           ; 0           ; 0    ; 0 (0)        ; 0 (0)             ; 32 (32)          ; 32 (32)         ; 0 (0)      ; |clk_div|lpm_counter:cnt_rtl_0|alt_counter_f10ke:wysi_counter ; work         ;
+----------------------------------------+-------------+--------------+-------------+------+--------------+-------------------+------------------+-----------------+------------+---------------------------------------------------------------+--------------+
Note: For table entries with two numbers listed, the numbers in parentheses indicate the number of resources of the given type used by the specific entity alone. The numbers listed outside of parentheses indicate the total resources of the given type used by the specific entity and all of its sub-entities in the hierarchy.


+------------------------------------------------------+
; General Register Statistics                          ;
+----------------------------------------------+-------+
; Statistic                                    ; Value ;
+----------------------------------------------+-------+
; Total registers                              ; 33    ;
; Number of registers using Synchronous Clear  ; 32    ;
; Number of registers using Synchronous Load   ; 0     ;
; Number of registers using Asynchronous Clear ; 33    ;
; Number of registers using Asynchronous Load  ; 0     ;
; Number of registers using Clock Enable       ; 1     ;
; Number of registers using Preset             ; 0     ;
+----------------------------------------------+-------+


+-----------------------------------------------+
; Source assignments for lpm_counter:cnt_rtl_0  ;
+---------------------------+-------+------+----+
; Assignment                ; Value ; From ; To ;
+---------------------------+-------+------+----+
; SUPPRESS_DA_RULE_INTERNAL ; a101  ; -    ; -  ;
; SUPPRESS_DA_RULE_INTERNAL ; s102  ; -    ; -  ;
; SUPPRESS_DA_RULE_INTERNAL ; s103  ; -    ; -  ;
+---------------------------+-------+------+----+


+-------------------------------------------------------------------------+
; Parameter Settings for User Entity Instance: Top-level Entity: |clk_div ;
+----------------+-------+------------------------------------------------+
; Parameter Name ; Value ; Type                                           ;
+----------------+-------+------------------------------------------------+
; clk_div        ; 25000 ; Signed Integer                                 ;
+----------------+-------+------------------------------------------------+
Note: In order to hide this table in the UI and the text report file, please set the "Show Parameter Settings Tables in Synthesis Report" option in "Analysis and Synthesis Settings -> More Settings" to "Off".


+------------------------------------------------------------------------+
; Parameter Settings for Inferred Entity Instance: lpm_counter:cnt_rtl_0 ;
+------------------------+-------------------+---------------------------+
; Parameter Name         ; Value             ; Type                      ;
+------------------------+-------------------+---------------------------+
; AUTO_CARRY_CHAINS      ; ON                ; AUTO_CARRY                ;
; IGNORE_CARRY_BUFFERS   ; OFF               ; IGNORE_CARRY              ;
; AUTO_CASCADE_CHAINS    ; ON                ; AUTO_CASCADE              ;
; IGNORE_CASCADE_BUFFERS ; OFF               ; IGNORE_CASCADE            ;
; LPM_WIDTH              ; 32                ; Untyped                   ;
; LPM_DIRECTION          ; UP                ; Untyped                   ;
; LPM_MODULUS            ; 0                 ; Untyped                   ;
; LPM_AVALUE             ; UNUSED            ; Untyped                   ;
; LPM_SVALUE             ; UNUSED            ; Untyped                   ;
; LPM_PORT_UPDOWN        ; PORT_CONNECTIVITY ; Untyped                   ;
; DEVICE_FAMILY          ; ACEX1K            ; Untyped                   ;
; CARRY_CHAIN            ; MANUAL            ; Untyped                   ;
; CARRY_CHAIN_LENGTH     ; 48                ; CARRY_CHAIN_LENGTH        ;
; NOT_GATE_PUSH_BACK     ; ON                ; NOT_GATE_PUSH_BACK        ;
; CARRY_CNT_EN           ; SMART             ; Untyped                   ;
; LABWIDE_SCLR           ; ON                ; Untyped                   ;
; USE_NEW_VERSION        ; TRUE              ; Untyped                   ;
; CBXI_PARAMETER         ; NOTHING           ; Untyped                   ;
+------------------------+-------------------+---------------------------+
Note: In order to hide this table in the UI and the text report file, please set the "Show Parameter Settings Tables in Synthesis Report" option in "Analysis and Synthesis Settings -> More Settings" to "Off".


+-------------------------------+
; Analysis & Synthesis Messages ;
+-------------------------------+
Info: *******************************************************************
Info: Running Quartus II Analysis & Synthesis
    Info: Version 9.0 Build 132 02/25/2009 SJ Full Version
    Info: Processing started: Fri Jan 15 09:04:18 2016
Info: Command: quartus_map --read_settings_files=on --write_settings_files=off clk_div -c clk_div
Info: Found 1 design units, including 1 entities, in source file clk_div.v
    Info: Found entity 1: clk_div
Info: Elaborating entity "clk_div" for the top level hierarchy
Info: Inferred 1 megafunctions from design logic
    Info: Inferred lpm_counter megafunction (LPM_WIDTH=32) from the following logic: "cnt[0]~32"
Info: Elaborated megafunction instantiation "lpm_counter:cnt_rtl_0"
Info: Instantiated megafunction "lpm_counter:cnt_rtl_0" with the following parameter:
    Info: Parameter "LPM_WIDTH" = "32"
    Info: Parameter "LPM_DIRECTION" = "UP"
    Info: Parameter "LPM_TYPE" = "LPM_COUNTER"
Info: Elaborated megafunction instantiation "lpm_counter:cnt_rtl_0|alt_counter_f10ke:wysi_counter", which is child of megafunction instantiation "lpm_counter:cnt_rtl_0"
Info: Implemented 46 device resources after synthesis - the final resource count might be different
    Info: Implemented 2 input pins
    Info: Implemented 1 output pins
    Info: Implemented 43 logic cells
Info: Generated suppressed messages file C:/Users/yangs/OneDrive/EDAøŒ…Ë/CLK_dIV/clk_div.map.smsg
Info: Quartus II Analysis & Synthesis was successful. 0 errors, 0 warnings
    Info: Peak virtual memory: 240 megabytes
    Info: Processing ended: Fri Jan 15 09:04:18 2016
    Info: Elapsed time: 00:00:00
    Info: Total CPU time (on all processors): 00:00:01


+------------------------------------------+
; Analysis & Synthesis Suppressed Messages ;
+------------------------------------------+
The suppressed messages can be found in C:/Users/yangs/OneDrive/EDAøŒ…Ë/CLK_dIV/clk_div.map.smsg.


