Fitter report for DigitalWatch
Fri Jan 15 20:34:51 2016
Quartus II Version 9.0 Build 132 02/25/2009 SJ Full Version


---------------------
; Table of Contents ;
---------------------
  1. Legal Notice
  2. Fitter Summary
  3. Fitter Settings
  4. Parallel Compilation
  5. Fitter Device Options
  6. Input Pins
  7. Output Pins
  8. All Package Pins
  9. Row Interconnect
 10. LAB Column Interconnect
 11. LAB Column Interconnect
 12. Fitter Resource Usage Summary
 13. Fitter Resource Utilization by Entity
 14. Delay Chain Summary
 15. Pin-Out File
 16. Fitter Messages



----------------
; Legal Notice ;
----------------
Copyright (C) 1991-2009 Altera Corporation
Your use of Altera Corporation's design tools, logic functions 
and other software and tools, and its AMPP partner logic 
functions, and any output files from any of the foregoing 
(including device programming or simulation files), and any 
associated documentation or information are expressly subject 
to the terms and conditions of the Altera Program License 
Subscription Agreement, Altera MegaCore Function License 
Agreement, or other applicable license agreement, including, 
without limitation, that your use is for the sole purpose of 
programming logic devices manufactured by Altera and sold by 
Altera or its authorized distributors.  Please refer to the 
applicable agreement for further details.



+------------------------------------------------------------------+
; Fitter Summary                                                   ;
+-----------------------+------------------------------------------+
; Fitter Status         ; Successful - Fri Jan 15 20:34:51 2016    ;
; Quartus II Version    ; 9.0 Build 132 02/25/2009 SJ Full Version ;
; Revision Name         ; DigitalWatch                             ;
; Top-level Entity Name ; DigitalWatch                             ;
; Family                ; ACEX1K                                   ;
; Device                ; EP1K30TC144-3                            ;
; Timing Models         ; Final                                    ;
; Total logic elements  ; 0 / 1,728 ( 0 % )                        ;
; Total pins            ; 28 / 102 ( 27 % )                        ;
; Total memory bits     ; 0 / 24,576 ( 0 % )                       ;
; Total PLLs            ; 0                                        ;
+-----------------------+------------------------------------------+


+------------------------------------------------------------------------------------------------------+
; Fitter Settings                                                                                      ;
+------------------------------------------------------------+--------------------+--------------------+
; Option                                                     ; Setting            ; Default Value      ;
+------------------------------------------------------------+--------------------+--------------------+
; Device                                                     ; EP1K30TC144-3      ;                    ;
; Use smart compilation                                      ; Off                ; Off                ;
; Use TimeQuest Timing Analyzer                              ; Off                ; Off                ;
; Router Timing Optimization Level                           ; Normal             ; Normal             ;
; Placement Effort Multiplier                                ; 1.0                ; 1.0                ;
; Router Effort Multiplier                                   ; 1.0                ; 1.0                ;
; Optimize Timing                                            ; Normal compilation ; Normal compilation ;
; Optimize Timing for ECOs                                   ; Off                ; Off                ;
; Regenerate full fit report during ECO compiles             ; Off                ; Off                ;
; Optimize IOC Register Placement for Timing                 ; On                 ; On                 ;
; Limit to One Fitting Attempt                               ; Off                ; Off                ;
; Final Placement Optimizations                              ; Automatically      ; Automatically      ;
; Fitter Aggressive Routability Optimizations                ; Automatically      ; Automatically      ;
; Fitter Initial Placement Seed                              ; 1                  ; 1                  ;
; Slow Slew Rate                                             ; Off                ; Off                ;
; PCI I/O                                                    ; Off                ; Off                ;
; Auto Global Memory Control Signals                         ; Off                ; Off                ;
; Logic Cell Insertion - Individual Logic Cells              ; On                 ; On                 ;
; Logic Cell Insertion - I/Os Fed By Carry or Cascade Chains ; On                 ; On                 ;
; Fitter Effort                                              ; Auto Fit           ; Auto Fit           ;
; Auto Global Clock                                          ; On                 ; On                 ;
; Auto Global Output Enable                                  ; On                 ; On                 ;
; Auto Global Register Control Signals                       ; On                 ; On                 ;
; Force Fitter to Avoid Periphery Placement Warnings         ; Off                ; Off                ;
+------------------------------------------------------------+--------------------+--------------------+


+------------------------------------------+
; Parallel Compilation                     ;
+----------------------------+-------------+
; Processors                 ; Number      ;
+----------------------------+-------------+
; Number detected on machine ; 2           ;
; Maximum allowed            ; 2           ;
;                            ;             ;
; Average used               ; 1.00        ;
; Maximum used               ; 1           ;
;                            ;             ;
; Usage by Processor         ; % Time Used ;
;     1 processor            ; 100.0%      ;
;     2 processors           ;   0.0%      ;
+----------------------------+-------------+


+-------------------------------------------------------------------------+
; Fitter Device Options                                                   ;
+----------------------------------------------+--------------------------+
; Option                                       ; Setting                  ;
+----------------------------------------------+--------------------------+
; Enable user-supplied start-up clock (CLKUSR) ; Off                      ;
; Enable device-wide reset (DEV_CLRn)          ; Off                      ;
; Enable device-wide output enable (DEV_OE)    ; Off                      ;
; Enable INIT_DONE output                      ; Off                      ;
; Configuration scheme                         ; Passive Serial           ;
; nWS, nRS, nCS, CS                            ; Unreserved               ;
; RDYnBUSY                                     ; Unreserved               ;
; Data[7..1]                                   ; Unreserved               ;
; Reserve all unused pins                      ; As output driving ground ;
; Base pin-out file on sameframe device        ; Off                      ;
+----------------------------------------------+--------------------------+


+-------------------------------------------------------------------------------------------------------------------------------------------------------------+
; Input Pins                                                                                                                                                  ;
+-----------+-------+-----+------+---------+--------+--------------+-------------------------+---------------+-----------------+---------------+--------------+
; Name      ; Pin # ; Row ; Col. ; Fan-Out ; Global ; I/O Register ; Use Local Routing Input ; Power Up High ; PCI I/O Enabled ; Single-Pin CE ; I/O Standard ;
+-----------+-------+-----+------+---------+--------+--------------+-------------------------+---------------+-----------------+---------------+--------------+
; key_pause ; 56    ; --  ; --   ; 0       ; no     ; no           ; no                      ; no            ; no              ; no            ; LVTTL/LVCMOS ;
; key_load  ; 54    ; --  ; --   ; 0       ; no     ; no           ; no                      ; no            ; no              ; no            ; LVTTL/LVCMOS ;
; clk_50Mhz ; 124   ; --  ; --   ; 0       ; no     ; no           ; no                      ; no            ; no              ; no            ; LVTTL/LVCMOS ;
; key_start ; 126   ; --  ; --   ; 0       ; no     ; no           ; no                      ; no            ; no              ; no            ; LVTTL/LVCMOS ;
+-----------+-------+-----+------+---------+--------+--------------+-------------------------+---------------+-----------------+---------------+--------------+


+------------------------------------------------------------------------------------------------------------------------------------------------------------------------------------------------------------+
; Output Pins                                                                                                                                                                                                ;
+--------------+-------+-----+------+--------------+--------------------------+---------------+----------------+-----------------+---------------+---------------+------------+---------------+--------------+
; Name         ; Pin # ; Row ; Col. ; I/O Register ; Use Local Routing Output ; Power Up High ; Slow Slew Rate ; PCI I/O Enabled ; Single-Pin OE ; Single-Pin CE ; Open Drain ; TRI Primitive ; I/O Standard ;
+--------------+-------+-----+------+--------------+--------------------------+---------------+----------------+-----------------+---------------+---------------+------------+---------------+--------------+
; disp_out[0]  ; 19    ;  D  ; --   ; no           ; no                       ; no            ; no             ; no              ; no            ; no            ; no         ; no            ; LVTTL/LVCMOS ;
; disp_out[1]  ; 144   ; --  ; 36   ; no           ; no                       ; no            ; no             ; no              ; no            ; no            ; no         ; no            ; LVTTL/LVCMOS ;
; disp_out[2]  ; 64    ; --  ; 10   ; no           ; no                       ; no            ; no             ; no              ; no            ; no            ; no         ; no            ; LVTTL/LVCMOS ;
; disp_out[3]  ; 118   ; --  ; 9    ; no           ; no                       ; no            ; no             ; no              ; no            ; no            ; no         ; no            ; LVTTL/LVCMOS ;
; disp_out[4]  ; 28    ;  E  ; --   ; no           ; no                       ; no            ; no             ; no              ; no            ; no            ; no         ; no            ; LVTTL/LVCMOS ;
; disp_out[5]  ; 133   ; --  ; 28   ; no           ; no                       ; no            ; no             ; no              ; no            ; no            ; no         ; no            ; LVTTL/LVCMOS ;
; disp_out[6]  ; 21    ;  D  ; --   ; no           ; no                       ; no            ; no             ; no              ; no            ; no            ; no         ; no            ; LVTTL/LVCMOS ;
; disp_out[7]  ; 87    ;  E  ; --   ; no           ; no                       ; no            ; no             ; no              ; no            ; no            ; no         ; no            ; LVTTL/LVCMOS ;
; disp_out[8]  ; 43    ; --  ; 30   ; no           ; no                       ; no            ; no             ; no              ; no            ; no            ; no         ; no            ; LVTTL/LVCMOS ;
; disp_out[9]  ; 82    ;  F  ; --   ; no           ; no                       ; no            ; no             ; no              ; no            ; no            ; no         ; no            ; LVTTL/LVCMOS ;
; disp_out[10] ; 141   ; --  ; 33   ; no           ; no                       ; no            ; no             ; no              ; no            ; no            ; no         ; no            ; LVTTL/LVCMOS ;
; disp_out[11] ; 18    ;  C  ; --   ; no           ; no                       ; no            ; no             ; no              ; no            ; no            ; no         ; no            ; LVTTL/LVCMOS ;
; disp_out[12] ; 63    ; --  ; 11   ; no           ; no                       ; no            ; no             ; no              ; no            ; no            ; no         ; no            ; LVTTL/LVCMOS ;
; disp_out[13] ; 89    ;  D  ; --   ; no           ; no                       ; no            ; no             ; no              ; no            ; no            ; no         ; no            ; LVTTL/LVCMOS ;
; disp_out[14] ; 8     ;  A  ; --   ; no           ; no                       ; no            ; no             ; no              ; no            ; no            ; no         ; no            ; LVTTL/LVCMOS ;
; disp_out[15] ; 114   ; --  ; 6    ; no           ; no                       ; no            ; no             ; no              ; no            ; no            ; no         ; no            ; LVTTL/LVCMOS ;
; disp_out[16] ; 73    ; --  ; 1    ; no           ; no                       ; no            ; no             ; no              ; no            ; no            ; no         ; no            ; LVTTL/LVCMOS ;
; disp_out[17] ; 62    ; --  ; 12   ; no           ; no                       ; no            ; no             ; no              ; no            ; no            ; no         ; no            ; LVTTL/LVCMOS ;
; disp_out[18] ; 42    ; --  ; 28   ; no           ; no                       ; no            ; no             ; no              ; no            ; no            ; no         ; no            ; LVTTL/LVCMOS ;
; disp_out[19] ; 137   ; --  ; 30   ; no           ; no                       ; no            ; no             ; no              ; no            ; no            ; no         ; no            ; LVTTL/LVCMOS ;
; disp_out[20] ; 140   ; --  ; 32   ; no           ; no                       ; no            ; no             ; no              ; no            ; no            ; no         ; no            ; LVTTL/LVCMOS ;
; disp_out[21] ; 29    ;  E  ; --   ; no           ; no                       ; no            ; no             ; no              ; no            ; no            ; no         ; no            ; LVTTL/LVCMOS ;
; disp_out[22] ; 80    ;  F  ; --   ; no           ; no                       ; no            ; no             ; no              ; no            ; no            ; no         ; no            ; LVTTL/LVCMOS ;
; disp_out[23] ; 88    ;  D  ; --   ; no           ; no                       ; no            ; no             ; no              ; no            ; no            ; no         ; no            ; LVTTL/LVCMOS ;
+--------------+-------+-----+------+--------------+--------------------------+---------------+----------------+-----------------+---------------+---------------+------------+---------------+--------------+


+-------------------------------------+
; All Package Pins                    ;
+-------+--------------+--------------+
; Pin # ; Usage        ; I/O Standard ;
+-------+--------------+--------------+
; 1     ; #TCK         ;              ;
; 2     ; ^CONF_DONE   ;              ;
; 3     ; ^nCEO        ;              ;
; 4     ; #TDO         ;              ;
; 5     ; VCC_IO       ;              ;
; 6     ; GND_INT      ;              ;
; 7     ; GND*         ;              ;
; 8     ; disp_out[14] ; LVTTL/LVCMOS ;
; 9     ; GND*         ;              ;
; 10    ; GND*         ;              ;
; 11    ; GND*         ;              ;
; 12    ; GND*         ;              ;
; 13    ; GND*         ;              ;
; 14    ; GND*         ;              ;
; 15    ; GND_INT      ;              ;
; 16    ; VCC_INT      ;              ;
; 17    ; GND*         ;              ;
; 18    ; disp_out[11] ; LVTTL/LVCMOS ;
; 19    ; disp_out[0]  ; LVTTL/LVCMOS ;
; 20    ; GND*         ;              ;
; 21    ; disp_out[6]  ; LVTTL/LVCMOS ;
; 22    ; GND*         ;              ;
; 23    ; GND*         ;              ;
; 24    ; VCC_IO       ;              ;
; 25    ; GND_INT      ;              ;
; 26    ; GND*         ;              ;
; 27    ; GND*         ;              ;
; 28    ; disp_out[4]  ; LVTTL/LVCMOS ;
; 29    ; disp_out[21] ; LVTTL/LVCMOS ;
; 30    ; GND*         ;              ;
; 31    ; GND*         ;              ;
; 32    ; GND*         ;              ;
; 33    ; GND*         ;              ;
; 34    ; #TMS         ;              ;
; 35    ; ^nSTATUS     ;              ;
; 36    ; GND*         ;              ;
; 37    ; GND*         ;              ;
; 38    ; GND*         ;              ;
; 39    ; GND*         ;              ;
; 40    ; GND_INT      ;              ;
; 41    ; GND*         ;              ;
; 42    ; disp_out[18] ; LVTTL/LVCMOS ;
; 43    ; disp_out[8]  ; LVTTL/LVCMOS ;
; 44    ; GND*         ;              ;
; 45    ; VCC_IO       ;              ;
; 46    ; GND*         ;              ;
; 47    ; GND*         ;              ;
; 48    ; GND*         ;              ;
; 49    ; GND*         ;              ;
; 50    ; VCC_INT      ;              ;
; 51    ; GND*         ;              ;
; 52    ; GND_INT      ;              ;
; 53    ; VCC_CKLK     ;              ;
; 54    ; key_load     ; LVTTL/LVCMOS ;
; 55    ; GND+         ;              ;
; 56    ; key_pause    ; LVTTL/LVCMOS ;
; 57    ; GND_CKLK     ;              ;
; 58    ; GND_INT      ;              ;
; 59    ; GND*         ;              ;
; 60    ; GND*         ;              ;
; 61    ; VCC_IO       ;              ;
; 62    ; disp_out[17] ; LVTTL/LVCMOS ;
; 63    ; disp_out[12] ; LVTTL/LVCMOS ;
; 64    ; disp_out[2]  ; LVTTL/LVCMOS ;
; 65    ; GND*         ;              ;
; 66    ; GND_INT      ;              ;
; 67    ; GND*         ;              ;
; 68    ; GND*         ;              ;
; 69    ; GND*         ;              ;
; 70    ; GND*         ;              ;
; 71    ; VCC_IO       ;              ;
; 72    ; GND*         ;              ;
; 73    ; disp_out[16] ; LVTTL/LVCMOS ;
; 74    ; ^nCONFIG     ;              ;
; 75    ; VCC_INT      ;              ;
; 76    ; ^MSEL1       ;              ;
; 77    ; ^MSEL0       ;              ;
; 78    ; GND*         ;              ;
; 79    ; GND*         ;              ;
; 80    ; disp_out[22] ; LVTTL/LVCMOS ;
; 81    ; GND*         ;              ;
; 82    ; disp_out[9]  ; LVTTL/LVCMOS ;
; 83    ; GND*         ;              ;
; 84    ; GND_INT      ;              ;
; 85    ; VCC_INT      ;              ;
; 86    ; GND*         ;              ;
; 87    ; disp_out[7]  ; LVTTL/LVCMOS ;
; 88    ; disp_out[23] ; LVTTL/LVCMOS ;
; 89    ; disp_out[13] ; LVTTL/LVCMOS ;
; 90    ; GND*         ;              ;
; 91    ; GND*         ;              ;
; 92    ; GND*         ;              ;
; 93    ; GND_INT      ;              ;
; 94    ; VCC_IO       ;              ;
; 95    ; GND*         ;              ;
; 96    ; GND*         ;              ;
; 97    ; GND*         ;              ;
; 98    ; GND*         ;              ;
; 99    ; GND*         ;              ;
; 100   ; GND*         ;              ;
; 101   ; GND*         ;              ;
; 102   ; GND*         ;              ;
; 103   ; VCC_INT      ;              ;
; 104   ; GND_INT      ;              ;
; 105   ; #TDI         ;              ;
; 106   ; ^nCE         ;              ;
; 107   ; ^DCLK        ;              ;
; 108   ; ^DATA0       ;              ;
; 109   ; GND*         ;              ;
; 110   ; GND*         ;              ;
; 111   ; GND*         ;              ;
; 112   ; GND*         ;              ;
; 113   ; GND*         ;              ;
; 114   ; disp_out[15] ; LVTTL/LVCMOS ;
; 115   ; VCC_IO       ;              ;
; 116   ; GND*         ;              ;
; 117   ; GND*         ;              ;
; 118   ; disp_out[3]  ; LVTTL/LVCMOS ;
; 119   ; GND*         ;              ;
; 120   ; GND*         ;              ;
; 121   ; GND*         ;              ;
; 122   ; GND*         ;              ;
; 123   ; GND_INT      ;              ;
; 124   ; clk_50Mhz    ; LVTTL/LVCMOS ;
; 125   ; GND+         ;              ;
; 126   ; key_start    ; LVTTL/LVCMOS ;
; 127   ; VCC_INT      ;              ;
; 128   ; GND*         ;              ;
; 129   ; GND_INT      ;              ;
; 130   ; GND*         ;              ;
; 131   ; GND*         ;              ;
; 132   ; GND*         ;              ;
; 133   ; disp_out[5]  ; LVTTL/LVCMOS ;
; 134   ; VCC_IO       ;              ;
; 135   ; GND*         ;              ;
; 136   ; GND*         ;              ;
; 137   ; disp_out[19] ; LVTTL/LVCMOS ;
; 138   ; GND*         ;              ;
; 139   ; GND_INT      ;              ;
; 140   ; disp_out[20] ; LVTTL/LVCMOS ;
; 141   ; disp_out[10] ; LVTTL/LVCMOS ;
; 142   ; GND*         ;              ;
; 143   ; GND*         ;              ;
; 144   ; disp_out[1]  ; LVTTL/LVCMOS ;
+-------+--------------+--------------+


+----------------------------------------------------------------------------------------+
; Row Interconnect                                                                       ;
+-------+-------------------+-----------------------------+------------------------------+
; Row   ; Interconnect Used ; Left Half Interconnect Used ; Right Half Interconnect Used ;
+-------+-------------------+-----------------------------+------------------------------+
;  A    ;  0 / 144 ( 0 % )  ;  0 / 72 ( 0 % )             ;  0 / 72 ( 0 % )              ;
;  B    ;  0 / 144 ( 0 % )  ;  0 / 72 ( 0 % )             ;  0 / 72 ( 0 % )              ;
;  C    ;  0 / 144 ( 0 % )  ;  0 / 72 ( 0 % )             ;  0 / 72 ( 0 % )              ;
;  D    ;  0 / 144 ( 0 % )  ;  0 / 72 ( 0 % )             ;  0 / 72 ( 0 % )              ;
;  E    ;  0 / 144 ( 0 % )  ;  0 / 72 ( 0 % )             ;  0 / 72 ( 0 % )              ;
;  F    ;  0 / 144 ( 0 % )  ;  0 / 72 ( 0 % )             ;  0 / 72 ( 0 % )              ;
; Total ;  0 / 864 ( 0 % )  ;  0 / 432 ( 0 % )            ;  0 / 432 ( 0 % )             ;
+-------+-------------------+-----------------------------+------------------------------+


+---------------------------+
; LAB Column Interconnect   ;
+-------+-------------------+
; Col.  ; Interconnect Used ;
+-------+-------------------+
; 1     ;  0 / 24 ( 0 % )   ;
; 2     ;  0 / 24 ( 0 % )   ;
; 3     ;  0 / 24 ( 0 % )   ;
; 4     ;  0 / 24 ( 0 % )   ;
; 5     ;  0 / 24 ( 0 % )   ;
; 6     ;  0 / 24 ( 0 % )   ;
; 7     ;  0 / 24 ( 0 % )   ;
; 8     ;  0 / 24 ( 0 % )   ;
; 9     ;  0 / 24 ( 0 % )   ;
; 10    ;  0 / 24 ( 0 % )   ;
; 11    ;  0 / 24 ( 0 % )   ;
; 12    ;  0 / 24 ( 0 % )   ;
; 13    ;  0 / 24 ( 0 % )   ;
; 14    ;  0 / 24 ( 0 % )   ;
; 15    ;  0 / 24 ( 0 % )   ;
; 16    ;  0 / 24 ( 0 % )   ;
; 17    ;  0 / 24 ( 0 % )   ;
; 18    ;  0 / 24 ( 0 % )   ;
; 19    ;  0 / 24 ( 0 % )   ;
; 20    ;  0 / 24 ( 0 % )   ;
; 21    ;  0 / 24 ( 0 % )   ;
; 22    ;  0 / 24 ( 0 % )   ;
; 23    ;  0 / 24 ( 0 % )   ;
; 24    ;  0 / 24 ( 0 % )   ;
; 25    ;  0 / 24 ( 0 % )   ;
; 26    ;  0 / 24 ( 0 % )   ;
; 27    ;  0 / 24 ( 0 % )   ;
; 28    ;  0 / 24 ( 0 % )   ;
; 29    ;  0 / 24 ( 0 % )   ;
; 30    ;  0 / 24 ( 0 % )   ;
; 31    ;  0 / 24 ( 0 % )   ;
; 32    ;  0 / 24 ( 0 % )   ;
; 33    ;  0 / 24 ( 0 % )   ;
; 34    ;  0 / 24 ( 0 % )   ;
; 35    ;  0 / 24 ( 0 % )   ;
; 36    ;  0 / 24 ( 0 % )   ;
; Total ;  0 / 864 ( 0 % )  ;
+-------+-------------------+


+---------------------------+
; LAB Column Interconnect   ;
+-------+-------------------+
; Col.  ; Interconnect Used ;
+-------+-------------------+
; 1     ;  0 / 48 ( 0 % )   ;
; Total ;  0 / 48 ( 0 % )   ;
+-------+-------------------+


+-----------------------------------------------------+
; Fitter Resource Usage Summary                       ;
+--------------------------------+--------------------+
; Resource                       ; Usage              ;
+--------------------------------+--------------------+
; Total logic elements           ; 0 / 1,728 ( 0 % )  ;
; Registers                      ; 0 / 1,728 ( 0 % )  ;
; Logic elements in carry chains ; 0                  ;
; User inserted logic elements   ; 0                  ;
; I/O pins                       ; 28 / 102 ( 27 % )  ;
;     -- Clock pins              ; 0 / 0 ( -- )       ;
;     -- Dedicated input pins    ; 5 / 4 ( 125 % )    ;
; Global signals                 ; 0                  ;
; EABs                           ; 0 / 6 ( 0 % )      ;
; Total memory bits              ; 0 / 24,576 ( 0 % ) ;
; Total RAM block bits           ; 0 / 24,576 ( 0 % ) ;
+--------------------------------+--------------------+


+--------------------------------------------------------------------------------------------------------------------------------------------------------------------------------------------------------+
; Fitter Resource Utilization by Entity                                                                                                                                                                  ;
+----------------------------+-------------+--------------+-------------+------+--------------+-------------------+------------------+-----------------+------------+---------------------+--------------+
; Compilation Hierarchy Node ; Logic Cells ; LC Registers ; Memory Bits ; Pins ; LUT-Only LCs ; Register-Only LCs ; LUT/Register LCs ; Carry Chain LCs ; Packed LCs ; Full Hierarchy Name ; Library Name ;
+----------------------------+-------------+--------------+-------------+------+--------------+-------------------+------------------+-----------------+------------+---------------------+--------------+
; |DigitalWatch              ; 0 (0)       ; 0            ; 0           ; 28   ; 0 (0)        ; 0 (0)             ; 0 (0)            ; 0 (0)           ; 0 (0)      ; |DigitalWatch       ; work         ;
+----------------------------+-------------+--------------+-------------+------+--------------+-------------------+------------------+-----------------+------------+---------------------+--------------+
Note: For table entries with two numbers listed, the numbers in parentheses indicate the number of resources of the given type used by the specific entity alone. The numbers listed outside of parentheses indicate the total resources of the given type used by the specific entity and all of its sub-entities in the hierarchy.


+---------------------------------------+
; Delay Chain Summary                   ;
+--------------+----------+-------------+
; Name         ; Pin Type ; Pad to Core ;
+--------------+----------+-------------+
; key_pause    ; Input    ; OFF         ;
; key_load     ; Input    ; OFF         ;
; clk_50Mhz    ; Input    ; OFF         ;
; key_start    ; Input    ; OFF         ;
; disp_out[0]  ; Output   ; OFF         ;
; disp_out[1]  ; Output   ; OFF         ;
; disp_out[2]  ; Output   ; OFF         ;
; disp_out[3]  ; Output   ; OFF         ;
; disp_out[4]  ; Output   ; OFF         ;
; disp_out[5]  ; Output   ; OFF         ;
; disp_out[6]  ; Output   ; OFF         ;
; disp_out[7]  ; Output   ; OFF         ;
; disp_out[8]  ; Output   ; OFF         ;
; disp_out[9]  ; Output   ; OFF         ;
; disp_out[10] ; Output   ; OFF         ;
; disp_out[11] ; Output   ; OFF         ;
; disp_out[12] ; Output   ; OFF         ;
; disp_out[13] ; Output   ; OFF         ;
; disp_out[14] ; Output   ; OFF         ;
; disp_out[15] ; Output   ; OFF         ;
; disp_out[16] ; Output   ; OFF         ;
; disp_out[17] ; Output   ; OFF         ;
; disp_out[18] ; Output   ; OFF         ;
; disp_out[19] ; Output   ; OFF         ;
; disp_out[20] ; Output   ; OFF         ;
; disp_out[21] ; Output   ; OFF         ;
; disp_out[22] ; Output   ; OFF         ;
; disp_out[23] ; Output   ; OFF         ;
+--------------+----------+-------------+


+--------------+
; Pin-Out File ;
+--------------+
The pin-out file can be found in C:/Users/yangs/Documents/DigitalWatch/DigitalWatch/DigitalWatch.pin.


+-----------------+
; Fitter Messages ;
+-----------------+
Info: *******************************************************************
Info: Running Quartus II Fitter
    Info: Version 9.0 Build 132 02/25/2009 SJ Full Version
    Info: Processing started: Fri Jan 15 20:34:49 2016
Info: Command: quartus_fit --read_settings_files=off --write_settings_files=off DigitalWatch -c DigitalWatch
Info: Parallel compilation is enabled and will use 2 of the 2 processors detected
Info: Selected device EP1K30TC144-3 for design "DigitalWatch"
Info: Fitter is using the Classic Timing Analyzer
Info: Timing requirements not specified -- optimizing circuit to achieve the following default global requirements
    Info: Assuming a global fmax requirement of 1000 MHz
    Info: Not setting a global tsu requirement
    Info: Not setting a global tco requirement
    Info: Not setting a global tpd requirement
Info: Inserted 0 logic cells in first fitting attempt
Info: Started fitting attempt 1 on Fri Jan 15 2016 at 20:34:50
Info: Fitter placement preparation operations beginning
Info: Fitter placement preparation operations ending: elapsed time is 00:00:00
Info: Fitter placement operations beginning
Info: Fitter placement operations ending: elapsed time is 00:00:00
Info: Fitter routing operations beginning
Info: Fitter routing operations ending: elapsed time is 00:00:00
Info: Quartus II Fitter was successful. 0 errors, 0 warnings
    Info: Peak virtual memory: 268 megabytes
    Info: Processing ended: Fri Jan 15 20:34:51 2016
    Info: Elapsed time: 00:00:02
    Info: Total CPU time (on all processors): 00:00:01


