Analysis & Synthesis report for DigitalWatch
Sun Jan 17 18:23:30 2016
Quartus II Version 9.0 Build 132 02/25/2009 SJ Full Version


---------------------
; Table of Contents ;
---------------------
  1. Legal Notice
  2. Analysis & Synthesis Summary
  3. Analysis & Synthesis Settings
  4. Analysis & Synthesis Source Files Read
  5. Analysis & Synthesis Resource Usage Summary
  6. Analysis & Synthesis Resource Utilization by Entity
  7. State Machine - |DigitalWatch|key_Control:Control|Start_status
  8. General Register Statistics
  9. Source assignments for clk_div:fdiv|lpm_counter:cnt_rtl_0
 10. Parameter Settings for User Entity Instance: clk_div:fdiv
 11. Parameter Settings for User Entity Instance: key_Control:Control
 12. Parameter Settings for Inferred Entity Instance: clk_div:fdiv|lpm_counter:cnt_rtl_0
 13. Port Connectivity Checks: "watch_cnt:cnt|Six_counter:bit_6"
 14. Port Connectivity Checks: "watch_cnt:cnt|decimal_counter:bit_0"
 15. Port Connectivity Checks: "watch_cnt:cnt"
 16. Analysis & Synthesis Messages
 17. Analysis & Synthesis Suppressed Messages



----------------
; Legal Notice ;
----------------
Copyright (C) 1991-2009 Altera Corporation
Your use of Altera Corporation's design tools, logic functions 
and other software and tools, and its AMPP partner logic 
functions, and any output files from any of the foregoing 
(including device programming or simulation files), and any 
associated documentation or information are expressly subject 
to the terms and conditions of the Altera Program License 
Subscription Agreement, Altera MegaCore Function License 
Agreement, or other applicable license agreement, including, 
without limitation, that your use is for the sole purpose of 
programming logic devices manufactured by Altera and sold by 
Altera or its authorized distributors.  Please refer to the 
applicable agreement for further details.



+------------------------------------------------------------------------+
; Analysis & Synthesis Summary                                           ;
+-----------------------------+------------------------------------------+
; Analysis & Synthesis Status ; Successful - Sun Jan 17 18:23:30 2016    ;
; Quartus II Version          ; 9.0 Build 132 02/25/2009 SJ Full Version ;
; Revision Name               ; DigitalWatch                             ;
; Top-level Entity Name       ; DigitalWatch                             ;
; Family                      ; ACEX1K                                   ;
; Total logic elements        ; 114                                      ;
; Total pins                  ; 28                                       ;
; Total memory bits           ; 0                                        ;
; Total PLLs                  ; 0                                        ;
+-----------------------------+------------------------------------------+


+------------------------------------------------------------------------------------------------+
; Analysis & Synthesis Settings                                                                  ;
+----------------------------------------------------------------+---------------+---------------+
; Option                                                         ; Setting       ; Default Value ;
+----------------------------------------------------------------+---------------+---------------+
; Device                                                         ; EP1K30TC144-3 ;               ;
; Top-level entity name                                          ; DigitalWatch  ; DigitalWatch  ;
; Family name                                                    ; ACEX1K        ; Stratix II    ;
; Use Generated Physical Constraints File                        ; Off           ;               ;
; Use smart compilation                                          ; Off           ; Off           ;
; Create Debugging Nodes for IP Cores                            ; Off           ; Off           ;
; Preserve fewer node names                                      ; On            ; On            ;
; Disable OpenCore Plus hardware evaluation                      ; Off           ; Off           ;
; Verilog Version                                                ; Verilog_2001  ; Verilog_2001  ;
; VHDL Version                                                   ; VHDL93        ; VHDL93        ;
; State Machine Processing                                       ; Auto          ; Auto          ;
; Safe State Machine                                             ; Off           ; Off           ;
; Extract Verilog State Machines                                 ; On            ; On            ;
; Extract VHDL State Machines                                    ; On            ; On            ;
; Ignore Verilog initial constructs                              ; Off           ; Off           ;
; Iteration limit for constant Verilog loops                     ; 5000          ; 5000          ;
; Iteration limit for non-constant Verilog loops                 ; 250           ; 250           ;
; Add Pass-Through Logic to Inferred RAMs                        ; On            ; On            ;
; Parallel Synthesis                                             ; Off           ; Off           ;
; NOT Gate Push-Back                                             ; On            ; On            ;
; Power-Up Don't Care                                            ; On            ; On            ;
; Remove Redundant Logic Cells                                   ; Off           ; Off           ;
; Remove Duplicate Registers                                     ; On            ; On            ;
; Ignore CARRY Buffers                                           ; Off           ; Off           ;
; Ignore CASCADE Buffers                                         ; Off           ; Off           ;
; Ignore GLOBAL Buffers                                          ; Off           ; Off           ;
; Ignore ROW GLOBAL Buffers                                      ; Off           ; Off           ;
; Ignore LCELL Buffers                                           ; Off           ; Off           ;
; Ignore SOFT Buffers                                            ; On            ; On            ;
; Limit AHDL Integers to 32 Bits                                 ; Off           ; Off           ;
; Auto Implement in ROM                                          ; Off           ; Off           ;
; Optimization Technique                                         ; Area          ; Area          ;
; Carry Chain Length                                             ; 32            ; 32            ;
; Cascade Chain Length                                           ; 2             ; 2             ;
; Auto Carry Chains                                              ; On            ; On            ;
; Auto Open-Drain Pins                                           ; On            ; On            ;
; Auto ROM Replacement                                           ; On            ; On            ;
; Auto RAM Replacement                                           ; On            ; On            ;
; Auto Clock Enable Replacement                                  ; On            ; On            ;
; Strict RAM Replacement                                         ; Off           ; Off           ;
; Auto Resource Sharing                                          ; Off           ; Off           ;
; Allow Any RAM Size For Recognition                             ; Off           ; Off           ;
; Allow Any ROM Size For Recognition                             ; Off           ; Off           ;
; Use LogicLock Constraints during Resource Balancing            ; On            ; On            ;
; Ignore translate_off and synthesis_off directives              ; Off           ; Off           ;
; Show Parameter Settings Tables in Synthesis Report             ; On            ; On            ;
; HDL message level                                              ; Level2        ; Level2        ;
; Suppress Register Optimization Related Messages                ; Off           ; Off           ;
; Number of Removed Registers Reported in Synthesis Report       ; 100           ; 100           ;
; Number of Inverted Registers Reported in Synthesis Report      ; 100           ; 100           ;
; Block Design Naming                                            ; Auto          ; Auto          ;
; Synthesis Effort                                               ; Auto          ; Auto          ;
; Allows Asynchronous Clear Usage For Shift Register Replacement ; On            ; On            ;
; Analysis & Synthesis Message Level                             ; Medium        ; Medium        ;
+----------------------------------------------------------------+---------------+---------------+


+----------------------------------------------------------------------------------------------------------------------------------------------------+
; Analysis & Synthesis Source Files Read                                                                                                             ;
+----------------------------------+-----------------+------------------------+----------------------------------------------------------------------+
; File Name with User-Entered Path ; Used in Netlist ; File Type              ; File Name with Absolute Path                                         ;
+----------------------------------+-----------------+------------------------+----------------------------------------------------------------------+
; clk_div.v                        ; yes             ; User Verilog HDL File  ; C:/Users/yangs/Documents/DigitalWatch/DigitalWatch/clk_div.v         ;
; decimal_counter.v                ; yes             ; User Verilog HDL File  ; C:/Users/yangs/Documents/DigitalWatch/DigitalWatch/decimal_counter.v ;
; DigitalWatch.v                   ; yes             ; User Verilog HDL File  ; C:/Users/yangs/Documents/DigitalWatch/DigitalWatch/DigitalWatch.v    ;
; key_Control.v                    ; yes             ; User Verilog HDL File  ; C:/Users/yangs/Documents/DigitalWatch/DigitalWatch/key_Control.v     ;
; Six_counter.v                    ; yes             ; User Verilog HDL File  ; C:/Users/yangs/Documents/DigitalWatch/DigitalWatch/Six_counter.v     ;
; smg_disp.v                       ; yes             ; User Verilog HDL File  ; C:/Users/yangs/Documents/DigitalWatch/DigitalWatch/smg_disp.v        ;
; watch_cnt.v                      ; yes             ; User Verilog HDL File  ; C:/Users/yangs/Documents/DigitalWatch/DigitalWatch/watch_cnt.v       ;
; lpm_counter.tdf                  ; yes             ; Megafunction           ; d:/altera/90/quartus/libraries/megafunctions/lpm_counter.tdf         ;
; lpm_constant.inc                 ; yes             ; Megafunction           ; d:/altera/90/quartus/libraries/megafunctions/lpm_constant.inc        ;
; lpm_decode.inc                   ; yes             ; Megafunction           ; d:/altera/90/quartus/libraries/megafunctions/lpm_decode.inc          ;
; lpm_add_sub.inc                  ; yes             ; Megafunction           ; d:/altera/90/quartus/libraries/megafunctions/lpm_add_sub.inc         ;
; cmpconst.inc                     ; yes             ; Megafunction           ; d:/altera/90/quartus/libraries/megafunctions/cmpconst.inc            ;
; lpm_compare.inc                  ; yes             ; Megafunction           ; d:/altera/90/quartus/libraries/megafunctions/lpm_compare.inc         ;
; lpm_counter.inc                  ; yes             ; Megafunction           ; d:/altera/90/quartus/libraries/megafunctions/lpm_counter.inc         ;
; dffeea.inc                       ; yes             ; Megafunction           ; d:/altera/90/quartus/libraries/megafunctions/dffeea.inc              ;
; alt_synch_counter.inc            ; yes             ; Megafunction           ; d:/altera/90/quartus/libraries/megafunctions/alt_synch_counter.inc   ;
; alt_synch_counter_f.inc          ; yes             ; Megafunction           ; d:/altera/90/quartus/libraries/megafunctions/alt_synch_counter_f.inc ;
; alt_counter_f10ke.inc            ; yes             ; Megafunction           ; d:/altera/90/quartus/libraries/megafunctions/alt_counter_f10ke.inc   ;
; alt_counter_stratix.inc          ; yes             ; Megafunction           ; d:/altera/90/quartus/libraries/megafunctions/alt_counter_stratix.inc ;
; aglobal90.inc                    ; yes             ; Megafunction           ; d:/altera/90/quartus/libraries/megafunctions/aglobal90.inc           ;
; alt_counter_f10ke.tdf            ; yes             ; Megafunction           ; d:/altera/90/quartus/libraries/megafunctions/alt_counter_f10ke.tdf   ;
; flex10ke_lcell.inc               ; yes             ; Megafunction           ; d:/altera/90/quartus/libraries/megafunctions/flex10ke_lcell.inc      ;
+----------------------------------+-----------------+------------------------+----------------------------------------------------------------------+


+----------------------------------------------------------------------------+
; Analysis & Synthesis Resource Usage Summary                                ;
+-----------------------------------+----------------------------------------+
; Resource                          ; Usage                                  ;
+-----------------------------------+----------------------------------------+
; Total logic elements              ; 114                                    ;
; Total combinational functions     ; 86                                     ;
;     -- Total 4-input functions    ; 21                                     ;
;     -- Total 3-input functions    ; 16                                     ;
;     -- Total 2-input functions    ; 6                                      ;
;     -- Total 1-input functions    ; 42                                     ;
;     -- Total 0-input functions    ; 1                                      ;
; Total registers                   ; 70                                     ;
; Total logic cells in carry chains ; 32                                     ;
; I/O pins                          ; 28                                     ;
; Maximum fan-out node              ; key_Control:Control|Start_status.RESET ;
; Maximum fan-out                   ; 64                                     ;
; Total fan-out                     ; 499                                    ;
; Average fan-out                   ; 3.51                                   ;
+-----------------------------------+----------------------------------------+


+-----------------------------------------------------------------------------------------------------------------------------------------------------------------------------------------------------------------------------------------------------------------------------------+
; Analysis & Synthesis Resource Utilization by Entity                                                                                                                                                                                                                               ;
+-------------------------------------------+-------------+--------------+-------------+------+--------------+-------------------+------------------+-----------------+------------+---------------------------------------------------------------------------------+--------------+
; Compilation Hierarchy Node                ; Logic Cells ; LC Registers ; Memory Bits ; Pins ; LUT-Only LCs ; Register-Only LCs ; LUT/Register LCs ; Carry Chain LCs ; Packed LCs ; Full Hierarchy Name                                                             ; Library Name ;
+-------------------------------------------+-------------+--------------+-------------+------+--------------+-------------------+------------------+-----------------+------------+---------------------------------------------------------------------------------+--------------+
; |DigitalWatch                             ; 114 (1)     ; 70           ; 0           ; 28   ; 44 (1)       ; 28 (0)            ; 42 (0)           ; 32 (0)          ; 0 (0)      ; |DigitalWatch                                                                   ; work         ;
;    |clk_div:fdiv|                         ; 43 (11)     ; 33           ; 0           ; 0    ; 10 (10)      ; 0 (0)             ; 33 (1)           ; 32 (0)          ; 0 (0)      ; |DigitalWatch|clk_div:fdiv                                                      ; work         ;
;       |lpm_counter:cnt_rtl_0|             ; 32 (0)      ; 32           ; 0           ; 0    ; 0 (0)        ; 0 (0)             ; 32 (0)           ; 32 (0)          ; 0 (0)      ; |DigitalWatch|clk_div:fdiv|lpm_counter:cnt_rtl_0                                ; work         ;
;          |alt_counter_f10ke:wysi_counter| ; 32 (32)     ; 32           ; 0           ; 0    ; 0 (0)        ; 0 (0)             ; 32 (32)          ; 32 (32)         ; 0 (0)      ; |DigitalWatch|clk_div:fdiv|lpm_counter:cnt_rtl_0|alt_counter_f10ke:wysi_counter ; work         ;
;    |key_Control:Control|                  ; 3 (3)       ; 3            ; 0           ; 0    ; 0 (0)        ; 1 (1)             ; 2 (2)            ; 0 (0)           ; 0 (0)      ; |DigitalWatch|key_Control:Control                                               ; work         ;
;    |watch_cnt:cnt|                        ; 67 (0)      ; 34           ; 0           ; 0    ; 33 (0)       ; 27 (0)            ; 7 (0)            ; 0 (0)           ; 0 (0)      ; |DigitalWatch|watch_cnt:cnt                                                     ; work         ;
;       |Six_counter:bit_4|                 ; 10 (10)     ; 5            ; 0           ; 0    ; 5 (5)        ; 4 (4)             ; 1 (1)            ; 0 (0)           ; 0 (0)      ; |DigitalWatch|watch_cnt:cnt|Six_counter:bit_4                                   ; work         ;
;       |Six_counter:bit_6|                 ; 9 (9)       ; 4            ; 0           ; 0    ; 5 (5)        ; 3 (3)             ; 1 (1)            ; 0 (0)           ; 0 (0)      ; |DigitalWatch|watch_cnt:cnt|Six_counter:bit_6                                   ; work         ;
;       |decimal_counter:bit_0|             ; 10 (10)     ; 5            ; 0           ; 0    ; 5 (5)        ; 4 (4)             ; 1 (1)            ; 0 (0)           ; 0 (0)      ; |DigitalWatch|watch_cnt:cnt|decimal_counter:bit_0                               ; work         ;
;       |decimal_counter:bit_1|             ; 11 (11)     ; 5            ; 0           ; 0    ; 6 (6)        ; 4 (4)             ; 1 (1)            ; 0 (0)           ; 0 (0)      ; |DigitalWatch|watch_cnt:cnt|decimal_counter:bit_1                               ; work         ;
;       |decimal_counter:bit_2|             ; 9 (9)       ; 5            ; 0           ; 0    ; 4 (4)        ; 4 (4)             ; 1 (1)            ; 0 (0)           ; 0 (0)      ; |DigitalWatch|watch_cnt:cnt|decimal_counter:bit_2                               ; work         ;
;       |decimal_counter:bit_3|             ; 9 (9)       ; 5            ; 0           ; 0    ; 4 (4)        ; 4 (4)             ; 1 (1)            ; 0 (0)           ; 0 (0)      ; |DigitalWatch|watch_cnt:cnt|decimal_counter:bit_3                               ; work         ;
;       |decimal_counter:bit_5|             ; 9 (9)       ; 5            ; 0           ; 0    ; 4 (4)        ; 4 (4)             ; 1 (1)            ; 0 (0)           ; 0 (0)      ; |DigitalWatch|watch_cnt:cnt|decimal_counter:bit_5                               ; work         ;
+-------------------------------------------+-------------+--------------+-------------+------+--------------+-------------------+------------------+-----------------+------------+---------------------------------------------------------------------------------+--------------+
Note: For table entries with two numbers listed, the numbers in parentheses indicate the number of resources of the given type used by the specific entity alone. The numbers listed outside of parentheses indicate the total resources of the given type used by the specific entity and all of its sub-entities in the hierarchy.


Encoding Type:  One-Hot
+----------------------------------------------------------------------------------+
; State Machine - |DigitalWatch|key_Control:Control|Start_status                   ;
+--------------------+--------------------+--------------------+-------------------+
; Name               ; Start_status.START ; Start_status.RESET ; Start_status.STOP ;
+--------------------+--------------------+--------------------+-------------------+
; Start_status.START ; 0                  ; 0                  ; 0                 ;
; Start_status.STOP  ; 1                  ; 0                  ; 1                 ;
; Start_status.RESET ; 1                  ; 1                  ; 0                 ;
+--------------------+--------------------+--------------------+-------------------+


+------------------------------------------------------+
; General Register Statistics                          ;
+----------------------------------------------+-------+
; Statistic                                    ; Value ;
+----------------------------------------------+-------+
; Total registers                              ; 70    ;
; Number of registers using Synchronous Clear  ; 32    ;
; Number of registers using Synchronous Load   ; 0     ;
; Number of registers using Asynchronous Clear ; 67    ;
; Number of registers using Asynchronous Load  ; 28    ;
; Number of registers using Clock Enable       ; 35    ;
; Number of registers using Preset             ; 0     ;
+----------------------------------------------+-------+


+-----------------------------------------------------------+
; Source assignments for clk_div:fdiv|lpm_counter:cnt_rtl_0 ;
+---------------------------+-------+------+----------------+
; Assignment                ; Value ; From ; To             ;
+---------------------------+-------+------+----------------+
; SUPPRESS_DA_RULE_INTERNAL ; a101  ; -    ; -              ;
; SUPPRESS_DA_RULE_INTERNAL ; s102  ; -    ; -              ;
; SUPPRESS_DA_RULE_INTERNAL ; s103  ; -    ; -              ;
+---------------------------+-------+------+----------------+


+-----------------------------------------------------------+
; Parameter Settings for User Entity Instance: clk_div:fdiv ;
+----------------+-------+----------------------------------+
; Parameter Name ; Value ; Type                             ;
+----------------+-------+----------------------------------+
; clk_div        ; 25000 ; Signed Integer                   ;
+----------------+-------+----------------------------------+
Note: In order to hide this table in the UI and the text report file, please set the "Show Parameter Settings Tables in Synthesis Report" option in "Analysis and Synthesis Settings -> More Settings" to "Off".


+------------------------------------------------------------------+
; Parameter Settings for User Entity Instance: key_Control:Control ;
+----------------+-------+-----------------------------------------+
; Parameter Name ; Value ; Type                                    ;
+----------------+-------+-----------------------------------------+
; START          ; 00    ; Unsigned Binary                         ;
; STOP           ; 01    ; Unsigned Binary                         ;
; RESET          ; 10    ; Unsigned Binary                         ;
+----------------+-------+-----------------------------------------+
Note: In order to hide this table in the UI and the text report file, please set the "Show Parameter Settings Tables in Synthesis Report" option in "Analysis and Synthesis Settings -> More Settings" to "Off".


+-------------------------------------------------------------------------------------+
; Parameter Settings for Inferred Entity Instance: clk_div:fdiv|lpm_counter:cnt_rtl_0 ;
+------------------------+-------------------+----------------------------------------+
; Parameter Name         ; Value             ; Type                                   ;
+------------------------+-------------------+----------------------------------------+
; AUTO_CARRY_CHAINS      ; ON                ; AUTO_CARRY                             ;
; IGNORE_CARRY_BUFFERS   ; OFF               ; IGNORE_CARRY                           ;
; AUTO_CASCADE_CHAINS    ; ON                ; AUTO_CASCADE                           ;
; IGNORE_CASCADE_BUFFERS ; OFF               ; IGNORE_CASCADE                         ;
; LPM_WIDTH              ; 32                ; Untyped                                ;
; LPM_DIRECTION          ; UP                ; Untyped                                ;
; LPM_MODULUS            ; 0                 ; Untyped                                ;
; LPM_AVALUE             ; UNUSED            ; Untyped                                ;
; LPM_SVALUE             ; UNUSED            ; Untyped                                ;
; LPM_PORT_UPDOWN        ; PORT_CONNECTIVITY ; Untyped                                ;
; DEVICE_FAMILY          ; ACEX1K            ; Untyped                                ;
; CARRY_CHAIN            ; MANUAL            ; Untyped                                ;
; CARRY_CHAIN_LENGTH     ; 48                ; CARRY_CHAIN_LENGTH                     ;
; NOT_GATE_PUSH_BACK     ; ON                ; NOT_GATE_PUSH_BACK                     ;
; CARRY_CNT_EN           ; SMART             ; Untyped                                ;
; LABWIDE_SCLR           ; ON                ; Untyped                                ;
; USE_NEW_VERSION        ; TRUE              ; Untyped                                ;
; CBXI_PARAMETER         ; NOTHING           ; Untyped                                ;
+------------------------+-------------------+----------------------------------------+
Note: In order to hide this table in the UI and the text report file, please set the "Show Parameter Settings Tables in Synthesis Report" option in "Analysis and Synthesis Settings -> More Settings" to "Off".


+----------------------------------------------------------------------------------------------------------------+
; Port Connectivity Checks: "watch_cnt:cnt|Six_counter:bit_6"                                                    ;
+------+--------+----------+-------------------------------------------------------------------------------------+
; Port ; Type   ; Severity ; Details                                                                             ;
+------+--------+----------+-------------------------------------------------------------------------------------+
; cout ; Output ; Info     ; Connected to dangling logic. Logic that only feeds a dangling port will be removed. ;
+------+--------+----------+-------------------------------------------------------------------------------------+


+------------------------------------------------------------------------------------------------------------------+
; Port Connectivity Checks: "watch_cnt:cnt|decimal_counter:bit_0"                                                  ;
+--------+--------+----------+-------------------------------------------------------------------------------------+
; Port   ; Type   ; Severity ; Details                                                                             ;
+--------+--------+----------+-------------------------------------------------------------------------------------+
; preset ; Input  ; Info     ; Stuck at GND                                                                        ;
; out    ; Output ; Info     ; Connected to dangling logic. Logic that only feeds a dangling port will be removed. ;
+--------+--------+----------+-------------------------------------------------------------------------------------+


+------------------------------------------------------------------------------------------------------------------------------------------------------------------------------+
; Port Connectivity Checks: "watch_cnt:cnt"                                                                                                                                    ;
+--------+-------+----------+--------------------------------------------------------------------------------------------------------------------------------------------------+
; Port   ; Type  ; Severity ; Details                                                                                                                                          ;
+--------+-------+----------+--------------------------------------------------------------------------------------------------------------------------------------------------+
; preset ; Input ; Warning  ; Input port expression (1 bits) is smaller than the input port (24 bits) it drives.  Extra input bit(s) "preset[23..1]" will be connected to GND. ;
+--------+-------+----------+--------------------------------------------------------------------------------------------------------------------------------------------------+


+-------------------------------+
; Analysis & Synthesis Messages ;
+-------------------------------+
Info: *******************************************************************
Info: Running Quartus II Analysis & Synthesis
    Info: Version 9.0 Build 132 02/25/2009 SJ Full Version
    Info: Processing started: Sun Jan 17 18:23:29 2016
Info: Command: quartus_map --read_settings_files=on --write_settings_files=off DigitalWatch -c DigitalWatch
Info: Found 1 design units, including 1 entities, in source file clk_div.v
    Info: Found entity 1: clk_div
Info: Found 1 design units, including 1 entities, in source file decimal_counter.v
    Info: Found entity 1: decimal_counter
Info: Found 1 design units, including 1 entities, in source file DigitalWatch.v
    Info: Found entity 1: DigitalWatch
Info: Found 1 design units, including 1 entities, in source file key_Control.v
    Info: Found entity 1: key_Control
Info: Found 1 design units, including 1 entities, in source file Six_counter.v
    Info: Found entity 1: Six_counter
Info: Found 1 design units, including 1 entities, in source file smg_disp.v
    Info: Found entity 1: smg_disp
Info: Found 1 design units, including 1 entities, in source file watch_cnt.v
    Info: Found entity 1: watch_cnt
Warning (10236): Verilog HDL Implicit Net warning at DigitalWatch.v(42): created implicit net for "preset"
Info: Elaborating entity "DigitalWatch" for the top level hierarchy
Info: Elaborating entity "clk_div" for hierarchy "clk_div:fdiv"
Info: Elaborating entity "key_Control" for hierarchy "key_Control:Control"
Info: Elaborating entity "watch_cnt" for hierarchy "watch_cnt:cnt"
Info: Elaborating entity "decimal_counter" for hierarchy "watch_cnt:cnt|decimal_counter:bit_0"
Info: Elaborating entity "Six_counter" for hierarchy "watch_cnt:cnt|Six_counter:bit_4"
Info: Elaborating entity "smg_disp" for hierarchy "smg_disp:disp"
Info: Inferred 1 megafunctions from design logic
    Info: Inferred lpm_counter megafunction (LPM_WIDTH=32) from the following logic: "clk_div:fdiv|cnt[0]~32"
Info: Elaborated megafunction instantiation "clk_div:fdiv|lpm_counter:cnt_rtl_0"
Info: Instantiated megafunction "clk_div:fdiv|lpm_counter:cnt_rtl_0" with the following parameter:
    Info: Parameter "LPM_WIDTH" = "32"
    Info: Parameter "LPM_DIRECTION" = "UP"
    Info: Parameter "LPM_TYPE" = "LPM_COUNTER"
Info: Elaborated megafunction instantiation "clk_div:fdiv|lpm_counter:cnt_rtl_0|alt_counter_f10ke:wysi_counter", which is child of megafunction instantiation "clk_div:fdiv|lpm_counter:cnt_rtl_0"
Warning: 1 hierarchies have connectivity warnings - see the Connectivity Checks report folder
Warning: Design contains 1 input pin(s) that do not drive logic
    Warning (15610): No output dependent on input pin "key_pause"
Info: Implemented 142 device resources after synthesis - the final resource count might be different
    Info: Implemented 4 input pins
    Info: Implemented 24 output pins
    Info: Implemented 114 logic cells
Info: Generated suppressed messages file C:/Users/yangs/Documents/DigitalWatch/DigitalWatch/DigitalWatch.map.smsg
Info: Quartus II Analysis & Synthesis was successful. 0 errors, 4 warnings
    Info: Peak virtual memory: 241 megabytes
    Info: Processing ended: Sun Jan 17 18:23:30 2016
    Info: Elapsed time: 00:00:01
    Info: Total CPU time (on all processors): 00:00:01


+------------------------------------------+
; Analysis & Synthesis Suppressed Messages ;
+------------------------------------------+
The suppressed messages can be found in C:/Users/yangs/Documents/DigitalWatch/DigitalWatch/DigitalWatch.map.smsg.


