Classic Timing Analyzer report for watch_cnt
Fri Jan 15 12:09:21 2016
Quartus II Version 9.0 Build 132 02/25/2009 SJ Full Version


---------------------
; Table of Contents ;
---------------------
  1. Legal Notice
  2. Timing Analyzer Summary
  3. Timing Analyzer Settings
  4. Clock Settings Summary
  5. Parallel Compilation
  6. Clock Setup: 'clk_1Khz'
  7. tsu
  8. tco
  9. th
 10. Timing Analyzer Messages



----------------
; Legal Notice ;
----------------
Copyright (C) 1991-2009 Altera Corporation
Your use of Altera Corporation's design tools, logic functions 
and other software and tools, and its AMPP partner logic 
functions, and any output files from any of the foregoing 
(including device programming or simulation files), and any 
associated documentation or information are expressly subject 
to the terms and conditions of the Altera Program License 
Subscription Agreement, Altera MegaCore Function License 
Agreement, or other applicable license agreement, including, 
without limitation, that your use is for the sole purpose of 
programming logic devices manufactured by Altera and sold by 
Altera or its authorized distributors.  Please refer to the 
applicable agreement for further details.



+-----------------------------------------------------------------------------------------------------------------------------------------------------------------------------------------------------+
; Timing Analyzer Summary                                                                                                                                                                             ;
+------------------------------+-------+---------------+----------------------------------+--------------------------------+-----------------------------------+------------+----------+--------------+
; Type                         ; Slack ; Required Time ; Actual Time                      ; From                           ; To                                ; From Clock ; To Clock ; Failed Paths ;
+------------------------------+-------+---------------+----------------------------------+--------------------------------+-----------------------------------+------------+----------+--------------+
; Worst-case tsu               ; N/A   ; None          ; 1.400 ns                         ; EN                             ; decimal_counter:comb_4|out_dat[1] ; --         ; clk_1Khz ; 0            ;
; Worst-case tco               ; N/A   ; None          ; 27.700 ns                        ; Six_counter:comb_10|out_dat[2] ; dispbuf[22]                       ; clk_1Khz   ; --       ; 0            ;
; Worst-case th                ; N/A   ; None          ; 16.700 ns                        ; EN                             ; Six_counter:comb_10|out_dat[3]    ; --         ; clk_1Khz ; 0            ;
; Clock Setup: 'clk_1Khz'      ; N/A   ; None          ; 140.85 MHz ( period = 7.100 ns ) ; Six_counter:comb_10|out_dat[2] ; Six_counter:comb_10|out_dat[2]    ; clk_1Khz   ; clk_1Khz ; 0            ;
; Total number of failed paths ;       ;               ;                                  ;                                ;                                   ;            ;          ; 0            ;
+------------------------------+-------+---------------+----------------------------------+--------------------------------+-----------------------------------+------------+----------+--------------+


+--------------------------------------------------------------------------------------------------------------------+
; Timing Analyzer Settings                                                                                           ;
+---------------------------------------------------------------------+--------------------+------+----+-------------+
; Option                                                              ; Setting            ; From ; To ; Entity Name ;
+---------------------------------------------------------------------+--------------------+------+----+-------------+
; Device Name                                                         ; EP1K30TC144-3      ;      ;    ;             ;
; Timing Models                                                       ; Final              ;      ;    ;             ;
; Default hold multicycle                                             ; Same as Multicycle ;      ;    ;             ;
; Cut paths between unrelated clock domains                           ; On                 ;      ;    ;             ;
; Cut off read during write signal paths                              ; On                 ;      ;    ;             ;
; Cut off feedback from I/O pins                                      ; On                 ;      ;    ;             ;
; Report Combined Fast/Slow Timing                                    ; Off                ;      ;    ;             ;
; Ignore Clock Settings                                               ; Off                ;      ;    ;             ;
; Analyze latches as synchronous elements                             ; On                 ;      ;    ;             ;
; Enable Recovery/Removal analysis                                    ; Off                ;      ;    ;             ;
; Enable Clock Latency                                                ; Off                ;      ;    ;             ;
; Use TimeQuest Timing Analyzer                                       ; Off                ;      ;    ;             ;
; Minimum Core Junction Temperature                                   ; 0                  ;      ;    ;             ;
; Maximum Core Junction Temperature                                   ; 85                 ;      ;    ;             ;
; Number of source nodes to report per destination node               ; 10                 ;      ;    ;             ;
; Number of destination nodes to report                               ; 10                 ;      ;    ;             ;
; Number of paths to report                                           ; 200                ;      ;    ;             ;
; Report Minimum Timing Checks                                        ; Off                ;      ;    ;             ;
; Use Fast Timing Models                                              ; Off                ;      ;    ;             ;
; Report IO Paths Separately                                          ; Off                ;      ;    ;             ;
; Perform Multicorner Analysis                                        ; Off                ;      ;    ;             ;
; Reports the worst-case path for each clock domain and analysis      ; Off                ;      ;    ;             ;
; Removes common clock path pessimism (CCPP) during slack computation ; Off                ;      ;    ;             ;
; Output I/O Timing Endpoint                                          ; Near End           ;      ;    ;             ;
+---------------------------------------------------------------------+--------------------+------+----+-------------+


+------------------------------------------------------------------------------------------------------------------------------------------------------------------------------------+
; Clock Settings Summary                                                                                                                                                             ;
+-----------------+--------------------+----------+------------------+---------------+--------------+----------+-----------------------+---------------------+--------+--------------+
; Clock Node Name ; Clock Setting Name ; Type     ; Fmax Requirement ; Early Latency ; Late Latency ; Based on ; Multiply Base Fmax by ; Divide Base Fmax by ; Offset ; Phase offset ;
+-----------------+--------------------+----------+------------------+---------------+--------------+----------+-----------------------+---------------------+--------+--------------+
; clk_1Khz        ;                    ; User Pin ; None             ; 0.000 ns      ; 0.000 ns     ; --       ; N/A                   ; N/A                 ; N/A    ;              ;
+-----------------+--------------------+----------+------------------+---------------+--------------+----------+-----------------------+---------------------+--------+--------------+


+------------------------------------------+
; Parallel Compilation                     ;
+----------------------------+-------------+
; Processors                 ; Number      ;
+----------------------------+-------------+
; Number detected on machine ; 2           ;
; Maximum allowed            ; 2           ;
;                            ;             ;
; Average used               ; 1.00        ;
; Maximum used               ; 1           ;
;                            ;             ;
; Usage by Processor         ; % Time Used ;
;     1 processor            ; 100.0%      ;
;     2 processors           ;   0.0%      ;
+----------------------------+-------------+


+--------------------------------------------------------------------------------------------------------------------------------------------------------------------------------------------------------------------------------------------+
; Clock Setup: 'clk_1Khz'                                                                                                                                                                                                                    ;
+-------+------------------------------------------------+-----------------------------------+-----------------------------------+------------+----------+-----------------------------+---------------------------+-------------------------+
; Slack ; Actual fmax (period)                           ; From                              ; To                                ; From Clock ; To Clock ; Required Setup Relationship ; Required Longest P2P Time ; Actual Longest P2P Time ;
+-------+------------------------------------------------+-----------------------------------+-----------------------------------+------------+----------+-----------------------------+---------------------------+-------------------------+
; N/A   ; 140.85 MHz ( period = 7.100 ns )               ; Six_counter:comb_10|out_dat[2]    ; Six_counter:comb_10|out_dat[2]    ; clk_1Khz   ; clk_1Khz ; None                        ; None                      ; 6.000 ns                ;
; N/A   ; 142.86 MHz ( period = 7.000 ns )               ; Six_counter:comb_8|out_dat[2]     ; Six_counter:comb_8|out_dat[2]     ; clk_1Khz   ; clk_1Khz ; None                        ; None                      ; 5.900 ns                ;
; N/A   ; 151.52 MHz ( period = 6.600 ns )               ; Six_counter:comb_8|out_dat[0]     ; Six_counter:comb_8|out_dat[2]     ; clk_1Khz   ; clk_1Khz ; None                        ; None                      ; 5.500 ns                ;
; N/A   ; 151.52 MHz ( period = 6.600 ns )               ; Six_counter:comb_10|out_dat[0]    ; Six_counter:comb_10|out_dat[2]    ; clk_1Khz   ; clk_1Khz ; None                        ; None                      ; 5.500 ns                ;
; N/A   ; 153.85 MHz ( period = 6.500 ns )               ; Six_counter:comb_8|out_dat[1]     ; Six_counter:comb_8|out_dat[2]     ; clk_1Khz   ; clk_1Khz ; None                        ; None                      ; 5.400 ns                ;
; N/A   ; 153.85 MHz ( period = 6.500 ns )               ; Six_counter:comb_10|out_dat[2]    ; Six_counter:comb_10|out_dat[1]    ; clk_1Khz   ; clk_1Khz ; None                        ; None                      ; 5.400 ns                ;
; N/A   ; 153.85 MHz ( period = 6.500 ns )               ; Six_counter:comb_10|out_dat[1]    ; Six_counter:comb_10|out_dat[2]    ; clk_1Khz   ; clk_1Khz ; None                        ; None                      ; 5.400 ns                ;
; N/A   ; 156.25 MHz ( period = 6.400 ns )               ; Six_counter:comb_8|out_dat[2]     ; Six_counter:comb_8|out_dat[1]     ; clk_1Khz   ; clk_1Khz ; None                        ; None                      ; 5.300 ns                ;
; N/A   ; 161.29 MHz ( period = 6.200 ns )               ; Six_counter:comb_8|out_dat[3]     ; Six_counter:comb_8|out_dat[2]     ; clk_1Khz   ; clk_1Khz ; None                        ; None                      ; 5.100 ns                ;
; N/A   ; 161.29 MHz ( period = 6.200 ns )               ; Six_counter:comb_10|out_dat[3]    ; Six_counter:comb_10|out_dat[2]    ; clk_1Khz   ; clk_1Khz ; None                        ; None                      ; 5.100 ns                ;
; N/A   ; 163.93 MHz ( period = 6.100 ns )               ; decimal_counter:comb_7|out_dat[0] ; decimal_counter:comb_7|FULL       ; clk_1Khz   ; clk_1Khz ; None                        ; None                      ; 3.800 ns                ;
; N/A   ; 163.93 MHz ( period = 6.100 ns )               ; Six_counter:comb_8|out_dat[2]     ; Six_counter:comb_8|FULL           ; clk_1Khz   ; clk_1Khz ; None                        ; None                      ; 4.900 ns                ;
; N/A   ; 166.67 MHz ( period = 6.000 ns )               ; decimal_counter:comb_7|out_dat[1] ; decimal_counter:comb_7|FULL       ; clk_1Khz   ; clk_1Khz ; None                        ; None                      ; 3.700 ns                ;
; N/A   ; 166.67 MHz ( period = 6.000 ns )               ; decimal_counter:comb_7|out_dat[3] ; decimal_counter:comb_7|FULL       ; clk_1Khz   ; clk_1Khz ; None                        ; None                      ; 3.700 ns                ;
; N/A   ; 169.49 MHz ( period = 5.900 ns )               ; decimal_counter:comb_5|out_dat[0] ; decimal_counter:comb_5|out_dat[1] ; clk_1Khz   ; clk_1Khz ; None                        ; None                      ; 4.800 ns                ;
; N/A   ; 169.49 MHz ( period = 5.900 ns )               ; decimal_counter:comb_6|out_dat[0] ; decimal_counter:comb_6|out_dat[1] ; clk_1Khz   ; clk_1Khz ; None                        ; None                      ; 4.800 ns                ;
; N/A   ; 169.49 MHz ( period = 5.900 ns )               ; decimal_counter:comb_7|out_dat[0] ; decimal_counter:comb_7|out_dat[1] ; clk_1Khz   ; clk_1Khz ; None                        ; None                      ; 4.800 ns                ;
; N/A   ; 169.49 MHz ( period = 5.900 ns )               ; Six_counter:comb_8|out_dat[1]     ; Six_counter:comb_8|out_dat[1]     ; clk_1Khz   ; clk_1Khz ; None                        ; None                      ; 4.800 ns                ;
; N/A   ; 169.49 MHz ( period = 5.900 ns )               ; decimal_counter:comb_9|out_dat[0] ; decimal_counter:comb_9|out_dat[1] ; clk_1Khz   ; clk_1Khz ; None                        ; None                      ; 4.800 ns                ;
; N/A   ; 169.49 MHz ( period = 5.900 ns )               ; Six_counter:comb_10|out_dat[1]    ; Six_counter:comb_10|out_dat[1]    ; clk_1Khz   ; clk_1Khz ; None                        ; None                      ; 4.800 ns                ;
; N/A   ; 169.49 MHz ( period = 5.900 ns )               ; decimal_counter:comb_4|out_dat[3] ; decimal_counter:comb_4|out_dat[1] ; clk_1Khz   ; clk_1Khz ; None                        ; None                      ; 4.800 ns                ;
; N/A   ; 172.41 MHz ( period = 5.800 ns )               ; decimal_counter:comb_5|out_dat[1] ; decimal_counter:comb_5|out_dat[1] ; clk_1Khz   ; clk_1Khz ; None                        ; None                      ; 4.700 ns                ;
; N/A   ; 172.41 MHz ( period = 5.800 ns )               ; decimal_counter:comb_5|out_dat[3] ; decimal_counter:comb_5|out_dat[1] ; clk_1Khz   ; clk_1Khz ; None                        ; None                      ; 4.700 ns                ;
; N/A   ; 172.41 MHz ( period = 5.800 ns )               ; decimal_counter:comb_6|out_dat[1] ; decimal_counter:comb_6|out_dat[1] ; clk_1Khz   ; clk_1Khz ; None                        ; None                      ; 4.700 ns                ;
; N/A   ; 172.41 MHz ( period = 5.800 ns )               ; decimal_counter:comb_6|out_dat[3] ; decimal_counter:comb_6|out_dat[1] ; clk_1Khz   ; clk_1Khz ; None                        ; None                      ; 4.700 ns                ;
; N/A   ; 172.41 MHz ( period = 5.800 ns )               ; decimal_counter:comb_7|out_dat[1] ; decimal_counter:comb_7|out_dat[1] ; clk_1Khz   ; clk_1Khz ; None                        ; None                      ; 4.700 ns                ;
; N/A   ; 172.41 MHz ( period = 5.800 ns )               ; decimal_counter:comb_7|out_dat[3] ; decimal_counter:comb_7|out_dat[1] ; clk_1Khz   ; clk_1Khz ; None                        ; None                      ; 4.700 ns                ;
; N/A   ; 172.41 MHz ( period = 5.800 ns )               ; decimal_counter:comb_7|out_dat[2] ; decimal_counter:comb_7|FULL       ; clk_1Khz   ; clk_1Khz ; None                        ; None                      ; 3.500 ns                ;
; N/A   ; 172.41 MHz ( period = 5.800 ns )               ; Six_counter:comb_8|out_dat[0]     ; Six_counter:comb_8|out_dat[1]     ; clk_1Khz   ; clk_1Khz ; None                        ; None                      ; 4.700 ns                ;
; N/A   ; 172.41 MHz ( period = 5.800 ns )               ; Six_counter:comb_8|out_dat[0]     ; Six_counter:comb_8|out_dat[3]     ; clk_1Khz   ; clk_1Khz ; None                        ; None                      ; 4.700 ns                ;
; N/A   ; 172.41 MHz ( period = 5.800 ns )               ; decimal_counter:comb_9|out_dat[1] ; decimal_counter:comb_9|out_dat[1] ; clk_1Khz   ; clk_1Khz ; None                        ; None                      ; 4.700 ns                ;
; N/A   ; 172.41 MHz ( period = 5.800 ns )               ; decimal_counter:comb_9|out_dat[3] ; decimal_counter:comb_9|out_dat[1] ; clk_1Khz   ; clk_1Khz ; None                        ; None                      ; 4.700 ns                ;
; N/A   ; 172.41 MHz ( period = 5.800 ns )               ; Six_counter:comb_10|out_dat[0]    ; Six_counter:comb_10|out_dat[1]    ; clk_1Khz   ; clk_1Khz ; None                        ; None                      ; 4.700 ns                ;
; N/A   ; 172.41 MHz ( period = 5.800 ns )               ; Six_counter:comb_10|out_dat[0]    ; Six_counter:comb_10|out_dat[3]    ; clk_1Khz   ; clk_1Khz ; None                        ; None                      ; 4.700 ns                ;
; N/A   ; 172.41 MHz ( period = 5.800 ns )               ; decimal_counter:comb_4|out_dat[0] ; decimal_counter:comb_4|out_dat[1] ; clk_1Khz   ; clk_1Khz ; None                        ; None                      ; 4.700 ns                ;
; N/A   ; 172.41 MHz ( period = 5.800 ns )               ; decimal_counter:comb_4|out_dat[2] ; decimal_counter:comb_4|out_dat[1] ; clk_1Khz   ; clk_1Khz ; None                        ; None                      ; 4.700 ns                ;
; N/A   ; 178.57 MHz ( period = 5.600 ns )               ; decimal_counter:comb_5|out_dat[2] ; decimal_counter:comb_5|out_dat[1] ; clk_1Khz   ; clk_1Khz ; None                        ; None                      ; 4.500 ns                ;
; N/A   ; 178.57 MHz ( period = 5.600 ns )               ; decimal_counter:comb_6|out_dat[2] ; decimal_counter:comb_6|out_dat[1] ; clk_1Khz   ; clk_1Khz ; None                        ; None                      ; 4.500 ns                ;
; N/A   ; 178.57 MHz ( period = 5.600 ns )               ; decimal_counter:comb_7|out_dat[2] ; decimal_counter:comb_7|out_dat[1] ; clk_1Khz   ; clk_1Khz ; None                        ; None                      ; 4.500 ns                ;
; N/A   ; 178.57 MHz ( period = 5.600 ns )               ; Six_counter:comb_8|out_dat[3]     ; Six_counter:comb_8|out_dat[1]     ; clk_1Khz   ; clk_1Khz ; None                        ; None                      ; 4.500 ns                ;
; N/A   ; 178.57 MHz ( period = 5.600 ns )               ; Six_counter:comb_8|out_dat[1]     ; Six_counter:comb_8|out_dat[3]     ; clk_1Khz   ; clk_1Khz ; None                        ; None                      ; 4.500 ns                ;
; N/A   ; 178.57 MHz ( period = 5.600 ns )               ; Six_counter:comb_8|out_dat[1]     ; Six_counter:comb_8|FULL           ; clk_1Khz   ; clk_1Khz ; None                        ; None                      ; 4.400 ns                ;
; N/A   ; 178.57 MHz ( period = 5.600 ns )               ; decimal_counter:comb_9|out_dat[2] ; decimal_counter:comb_9|out_dat[1] ; clk_1Khz   ; clk_1Khz ; None                        ; None                      ; 4.500 ns                ;
; N/A   ; 178.57 MHz ( period = 5.600 ns )               ; Six_counter:comb_10|out_dat[3]    ; Six_counter:comb_10|out_dat[1]    ; clk_1Khz   ; clk_1Khz ; None                        ; None                      ; 4.500 ns                ;
; N/A   ; 178.57 MHz ( period = 5.600 ns )               ; Six_counter:comb_10|out_dat[1]    ; Six_counter:comb_10|out_dat[3]    ; clk_1Khz   ; clk_1Khz ; None                        ; None                      ; 4.500 ns                ;
; N/A   ; 178.57 MHz ( period = 5.600 ns )               ; decimal_counter:comb_4|out_dat[1] ; decimal_counter:comb_4|out_dat[1] ; clk_1Khz   ; clk_1Khz ; None                        ; None                      ; 4.500 ns                ;
; N/A   ; 181.82 MHz ( period = 5.500 ns )               ; Six_counter:comb_8|out_dat[0]     ; Six_counter:comb_8|FULL           ; clk_1Khz   ; clk_1Khz ; None                        ; None                      ; 4.300 ns                ;
; N/A   ; 188.68 MHz ( period = 5.300 ns )               ; Six_counter:comb_8|out_dat[3]     ; Six_counter:comb_8|FULL           ; clk_1Khz   ; clk_1Khz ; None                        ; None                      ; 4.100 ns                ;
; N/A   ; 200.00 MHz ( period = 5.000 ns )               ; Six_counter:comb_10|out_dat[2]    ; Six_counter:comb_10|out_dat[0]    ; clk_1Khz   ; clk_1Khz ; None                        ; None                      ; 3.900 ns                ;
; N/A   ; Restricted to 200.00 MHz ( period = 5.000 ns ) ; Six_counter:comb_8|out_dat[2]     ; Six_counter:comb_8|out_dat[0]     ; clk_1Khz   ; clk_1Khz ; None                        ; None                      ; 3.800 ns                ;
; N/A   ; Restricted to 200.00 MHz ( period = 5.000 ns ) ; decimal_counter:comb_4|out_dat[3] ; decimal_counter:comb_4|FULL       ; clk_1Khz   ; clk_1Khz ; None                        ; None                      ; 3.700 ns                ;
; N/A   ; Restricted to 200.00 MHz ( period = 5.000 ns ) ; decimal_counter:comb_5|out_dat[0] ; decimal_counter:comb_5|FULL       ; clk_1Khz   ; clk_1Khz ; None                        ; None                      ; 3.700 ns                ;
; N/A   ; Restricted to 200.00 MHz ( period = 5.000 ns ) ; decimal_counter:comb_6|out_dat[0] ; decimal_counter:comb_6|FULL       ; clk_1Khz   ; clk_1Khz ; None                        ; None                      ; 3.700 ns                ;
; N/A   ; Restricted to 200.00 MHz ( period = 5.000 ns ) ; decimal_counter:comb_9|out_dat[0] ; decimal_counter:comb_9|FULL       ; clk_1Khz   ; clk_1Khz ; None                        ; None                      ; 3.700 ns                ;
; N/A   ; Restricted to 200.00 MHz ( period = 5.000 ns ) ; Six_counter:comb_10|out_dat[2]    ; Six_counter:comb_10|out_dat[3]    ; clk_1Khz   ; clk_1Khz ; None                        ; None                      ; 3.700 ns                ;
; N/A   ; Restricted to 200.00 MHz ( period = 5.000 ns ) ; decimal_counter:comb_4|out_dat[0] ; decimal_counter:comb_4|FULL       ; clk_1Khz   ; clk_1Khz ; None                        ; None                      ; 3.600 ns                ;
; N/A   ; Restricted to 200.00 MHz ( period = 5.000 ns ) ; decimal_counter:comb_4|out_dat[2] ; decimal_counter:comb_4|FULL       ; clk_1Khz   ; clk_1Khz ; None                        ; None                      ; 3.600 ns                ;
; N/A   ; Restricted to 200.00 MHz ( period = 5.000 ns ) ; decimal_counter:comb_5|out_dat[1] ; decimal_counter:comb_5|FULL       ; clk_1Khz   ; clk_1Khz ; None                        ; None                      ; 3.600 ns                ;
; N/A   ; Restricted to 200.00 MHz ( period = 5.000 ns ) ; decimal_counter:comb_5|out_dat[3] ; decimal_counter:comb_5|FULL       ; clk_1Khz   ; clk_1Khz ; None                        ; None                      ; 3.600 ns                ;
; N/A   ; Restricted to 200.00 MHz ( period = 5.000 ns ) ; decimal_counter:comb_6|out_dat[1] ; decimal_counter:comb_6|FULL       ; clk_1Khz   ; clk_1Khz ; None                        ; None                      ; 3.600 ns                ;
; N/A   ; Restricted to 200.00 MHz ( period = 5.000 ns ) ; decimal_counter:comb_6|out_dat[3] ; decimal_counter:comb_6|FULL       ; clk_1Khz   ; clk_1Khz ; None                        ; None                      ; 3.600 ns                ;
; N/A   ; Restricted to 200.00 MHz ( period = 5.000 ns ) ; Six_counter:comb_8|out_dat[2]     ; Six_counter:comb_8|out_dat[3]     ; clk_1Khz   ; clk_1Khz ; None                        ; None                      ; 3.600 ns                ;
; N/A   ; Restricted to 200.00 MHz ( period = 5.000 ns ) ; decimal_counter:comb_9|out_dat[1] ; decimal_counter:comb_9|FULL       ; clk_1Khz   ; clk_1Khz ; None                        ; None                      ; 3.600 ns                ;
; N/A   ; Restricted to 200.00 MHz ( period = 5.000 ns ) ; decimal_counter:comb_9|out_dat[3] ; decimal_counter:comb_9|FULL       ; clk_1Khz   ; clk_1Khz ; None                        ; None                      ; 3.600 ns                ;
; N/A   ; Restricted to 200.00 MHz ( period = 5.000 ns ) ; decimal_counter:comb_4|out_dat[1] ; decimal_counter:comb_4|FULL       ; clk_1Khz   ; clk_1Khz ; None                        ; None                      ; 3.400 ns                ;
; N/A   ; Restricted to 200.00 MHz ( period = 5.000 ns ) ; decimal_counter:comb_5|out_dat[2] ; decimal_counter:comb_5|FULL       ; clk_1Khz   ; clk_1Khz ; None                        ; None                      ; 3.400 ns                ;
; N/A   ; Restricted to 200.00 MHz ( period = 5.000 ns ) ; decimal_counter:comb_6|out_dat[2] ; decimal_counter:comb_6|FULL       ; clk_1Khz   ; clk_1Khz ; None                        ; None                      ; 3.400 ns                ;
; N/A   ; Restricted to 200.00 MHz ( period = 5.000 ns ) ; decimal_counter:comb_9|out_dat[2] ; decimal_counter:comb_9|FULL       ; clk_1Khz   ; clk_1Khz ; None                        ; None                      ; 3.400 ns                ;
; N/A   ; Restricted to 200.00 MHz ( period = 5.000 ns ) ; Six_counter:comb_8|out_dat[1]     ; Six_counter:comb_8|out_dat[0]     ; clk_1Khz   ; clk_1Khz ; None                        ; None                      ; 3.300 ns                ;
; N/A   ; Restricted to 200.00 MHz ( period = 5.000 ns ) ; Six_counter:comb_10|out_dat[1]    ; Six_counter:comb_10|out_dat[0]    ; clk_1Khz   ; clk_1Khz ; None                        ; None                      ; 3.300 ns                ;
; N/A   ; Restricted to 200.00 MHz ( period = 5.000 ns ) ; Six_counter:comb_8|out_dat[0]     ; Six_counter:comb_8|out_dat[0]     ; clk_1Khz   ; clk_1Khz ; None                        ; None                      ; 3.200 ns                ;
; N/A   ; Restricted to 200.00 MHz ( period = 5.000 ns ) ; Six_counter:comb_10|out_dat[0]    ; Six_counter:comb_10|out_dat[0]    ; clk_1Khz   ; clk_1Khz ; None                        ; None                      ; 3.200 ns                ;
; N/A   ; Restricted to 200.00 MHz ( period = 5.000 ns ) ; decimal_counter:comb_5|out_dat[3] ; decimal_counter:comb_5|out_dat[3] ; clk_1Khz   ; clk_1Khz ; None                        ; None                      ; 3.100 ns                ;
; N/A   ; Restricted to 200.00 MHz ( period = 5.000 ns ) ; decimal_counter:comb_6|out_dat[3] ; decimal_counter:comb_6|out_dat[3] ; clk_1Khz   ; clk_1Khz ; None                        ; None                      ; 3.100 ns                ;
; N/A   ; Restricted to 200.00 MHz ( period = 5.000 ns ) ; decimal_counter:comb_7|out_dat[3] ; decimal_counter:comb_7|out_dat[3] ; clk_1Khz   ; clk_1Khz ; None                        ; None                      ; 3.100 ns                ;
; N/A   ; Restricted to 200.00 MHz ( period = 5.000 ns ) ; decimal_counter:comb_9|out_dat[3] ; decimal_counter:comb_9|out_dat[3] ; clk_1Khz   ; clk_1Khz ; None                        ; None                      ; 3.100 ns                ;
; N/A   ; Restricted to 200.00 MHz ( period = 5.000 ns ) ; decimal_counter:comb_4|out_dat[3] ; decimal_counter:comb_4|out_dat[3] ; clk_1Khz   ; clk_1Khz ; None                        ; None                      ; 3.100 ns                ;
; N/A   ; Restricted to 200.00 MHz ( period = 5.000 ns ) ; decimal_counter:comb_5|out_dat[0] ; decimal_counter:comb_5|out_dat[2] ; clk_1Khz   ; clk_1Khz ; None                        ; None                      ; 3.000 ns                ;
; N/A   ; Restricted to 200.00 MHz ( period = 5.000 ns ) ; decimal_counter:comb_5|out_dat[2] ; decimal_counter:comb_5|out_dat[2] ; clk_1Khz   ; clk_1Khz ; None                        ; None                      ; 3.000 ns                ;
; N/A   ; Restricted to 200.00 MHz ( period = 5.000 ns ) ; decimal_counter:comb_5|out_dat[1] ; decimal_counter:comb_5|out_dat[3] ; clk_1Khz   ; clk_1Khz ; None                        ; None                      ; 3.000 ns                ;
; N/A   ; Restricted to 200.00 MHz ( period = 5.000 ns ) ; decimal_counter:comb_5|out_dat[2] ; decimal_counter:comb_5|out_dat[3] ; clk_1Khz   ; clk_1Khz ; None                        ; None                      ; 3.000 ns                ;
; N/A   ; Restricted to 200.00 MHz ( period = 5.000 ns ) ; decimal_counter:comb_6|out_dat[0] ; decimal_counter:comb_6|out_dat[2] ; clk_1Khz   ; clk_1Khz ; None                        ; None                      ; 3.000 ns                ;
; N/A   ; Restricted to 200.00 MHz ( period = 5.000 ns ) ; decimal_counter:comb_6|out_dat[2] ; decimal_counter:comb_6|out_dat[2] ; clk_1Khz   ; clk_1Khz ; None                        ; None                      ; 3.000 ns                ;
; N/A   ; Restricted to 200.00 MHz ( period = 5.000 ns ) ; decimal_counter:comb_6|out_dat[1] ; decimal_counter:comb_6|out_dat[3] ; clk_1Khz   ; clk_1Khz ; None                        ; None                      ; 3.000 ns                ;
; N/A   ; Restricted to 200.00 MHz ( period = 5.000 ns ) ; decimal_counter:comb_6|out_dat[2] ; decimal_counter:comb_6|out_dat[3] ; clk_1Khz   ; clk_1Khz ; None                        ; None                      ; 3.000 ns                ;
; N/A   ; Restricted to 200.00 MHz ( period = 5.000 ns ) ; decimal_counter:comb_7|out_dat[0] ; decimal_counter:comb_7|out_dat[2] ; clk_1Khz   ; clk_1Khz ; None                        ; None                      ; 3.000 ns                ;
; N/A   ; Restricted to 200.00 MHz ( period = 5.000 ns ) ; decimal_counter:comb_7|out_dat[2] ; decimal_counter:comb_7|out_dat[2] ; clk_1Khz   ; clk_1Khz ; None                        ; None                      ; 3.000 ns                ;
; N/A   ; Restricted to 200.00 MHz ( period = 5.000 ns ) ; decimal_counter:comb_7|out_dat[1] ; decimal_counter:comb_7|out_dat[3] ; clk_1Khz   ; clk_1Khz ; None                        ; None                      ; 3.000 ns                ;
; N/A   ; Restricted to 200.00 MHz ( period = 5.000 ns ) ; decimal_counter:comb_7|out_dat[2] ; decimal_counter:comb_7|out_dat[3] ; clk_1Khz   ; clk_1Khz ; None                        ; None                      ; 3.000 ns                ;
; N/A   ; Restricted to 200.00 MHz ( period = 5.000 ns ) ; Six_counter:comb_8|out_dat[3]     ; Six_counter:comb_8|out_dat[0]     ; clk_1Khz   ; clk_1Khz ; None                        ; None                      ; 3.000 ns                ;
; N/A   ; Restricted to 200.00 MHz ( period = 5.000 ns ) ; Six_counter:comb_8|out_dat[3]     ; Six_counter:comb_8|out_dat[3]     ; clk_1Khz   ; clk_1Khz ; None                        ; None                      ; 3.000 ns                ;
; N/A   ; Restricted to 200.00 MHz ( period = 5.000 ns ) ; decimal_counter:comb_9|out_dat[0] ; decimal_counter:comb_9|out_dat[2] ; clk_1Khz   ; clk_1Khz ; None                        ; None                      ; 3.000 ns                ;
; N/A   ; Restricted to 200.00 MHz ( period = 5.000 ns ) ; decimal_counter:comb_9|out_dat[2] ; decimal_counter:comb_9|out_dat[2] ; clk_1Khz   ; clk_1Khz ; None                        ; None                      ; 3.000 ns                ;
; N/A   ; Restricted to 200.00 MHz ( period = 5.000 ns ) ; decimal_counter:comb_9|out_dat[1] ; decimal_counter:comb_9|out_dat[3] ; clk_1Khz   ; clk_1Khz ; None                        ; None                      ; 3.000 ns                ;
; N/A   ; Restricted to 200.00 MHz ( period = 5.000 ns ) ; decimal_counter:comb_9|out_dat[2] ; decimal_counter:comb_9|out_dat[3] ; clk_1Khz   ; clk_1Khz ; None                        ; None                      ; 3.000 ns                ;
; N/A   ; Restricted to 200.00 MHz ( period = 5.000 ns ) ; Six_counter:comb_10|out_dat[3]    ; Six_counter:comb_10|out_dat[0]    ; clk_1Khz   ; clk_1Khz ; None                        ; None                      ; 3.000 ns                ;
; N/A   ; Restricted to 200.00 MHz ( period = 5.000 ns ) ; Six_counter:comb_10|out_dat[3]    ; Six_counter:comb_10|out_dat[3]    ; clk_1Khz   ; clk_1Khz ; None                        ; None                      ; 3.000 ns                ;
; N/A   ; Restricted to 200.00 MHz ( period = 5.000 ns ) ; decimal_counter:comb_4|out_dat[2] ; decimal_counter:comb_4|out_dat[3] ; clk_1Khz   ; clk_1Khz ; None                        ; None                      ; 3.000 ns                ;
; N/A   ; Restricted to 200.00 MHz ( period = 5.000 ns ) ; decimal_counter:comb_4|out_dat[1] ; decimal_counter:comb_4|out_dat[3] ; clk_1Khz   ; clk_1Khz ; None                        ; None                      ; 3.000 ns                ;
; N/A   ; Restricted to 200.00 MHz ( period = 5.000 ns ) ; decimal_counter:comb_4|out_dat[2] ; decimal_counter:comb_4|out_dat[2] ; clk_1Khz   ; clk_1Khz ; None                        ; None                      ; 3.000 ns                ;
; N/A   ; Restricted to 200.00 MHz ( period = 5.000 ns ) ; decimal_counter:comb_4|out_dat[1] ; decimal_counter:comb_4|out_dat[2] ; clk_1Khz   ; clk_1Khz ; None                        ; None                      ; 3.000 ns                ;
; N/A   ; Restricted to 200.00 MHz ( period = 5.000 ns ) ; decimal_counter:comb_5|out_dat[1] ; decimal_counter:comb_5|out_dat[2] ; clk_1Khz   ; clk_1Khz ; None                        ; None                      ; 2.800 ns                ;
; N/A   ; Restricted to 200.00 MHz ( period = 5.000 ns ) ; decimal_counter:comb_5|out_dat[0] ; decimal_counter:comb_5|out_dat[3] ; clk_1Khz   ; clk_1Khz ; None                        ; None                      ; 2.800 ns                ;
; N/A   ; Restricted to 200.00 MHz ( period = 5.000 ns ) ; decimal_counter:comb_6|out_dat[1] ; decimal_counter:comb_6|out_dat[2] ; clk_1Khz   ; clk_1Khz ; None                        ; None                      ; 2.800 ns                ;
; N/A   ; Restricted to 200.00 MHz ( period = 5.000 ns ) ; decimal_counter:comb_6|out_dat[0] ; decimal_counter:comb_6|out_dat[3] ; clk_1Khz   ; clk_1Khz ; None                        ; None                      ; 2.800 ns                ;
; N/A   ; Restricted to 200.00 MHz ( period = 5.000 ns ) ; decimal_counter:comb_7|out_dat[1] ; decimal_counter:comb_7|out_dat[2] ; clk_1Khz   ; clk_1Khz ; None                        ; None                      ; 2.800 ns                ;
; N/A   ; Restricted to 200.00 MHz ( period = 5.000 ns ) ; decimal_counter:comb_7|out_dat[0] ; decimal_counter:comb_7|out_dat[3] ; clk_1Khz   ; clk_1Khz ; None                        ; None                      ; 2.800 ns                ;
; N/A   ; Restricted to 200.00 MHz ( period = 5.000 ns ) ; decimal_counter:comb_9|out_dat[1] ; decimal_counter:comb_9|out_dat[2] ; clk_1Khz   ; clk_1Khz ; None                        ; None                      ; 2.800 ns                ;
; N/A   ; Restricted to 200.00 MHz ( period = 5.000 ns ) ; decimal_counter:comb_9|out_dat[0] ; decimal_counter:comb_9|out_dat[3] ; clk_1Khz   ; clk_1Khz ; None                        ; None                      ; 2.800 ns                ;
; N/A   ; Restricted to 200.00 MHz ( period = 5.000 ns ) ; decimal_counter:comb_4|out_dat[0] ; decimal_counter:comb_4|out_dat[3] ; clk_1Khz   ; clk_1Khz ; None                        ; None                      ; 2.800 ns                ;
; N/A   ; Restricted to 200.00 MHz ( period = 5.000 ns ) ; decimal_counter:comb_4|out_dat[0] ; decimal_counter:comb_4|out_dat[2] ; clk_1Khz   ; clk_1Khz ; None                        ; None                      ; 2.800 ns                ;
; N/A   ; Restricted to 200.00 MHz ( period = 5.000 ns ) ; decimal_counter:comb_5|out_dat[0] ; decimal_counter:comb_5|out_dat[0] ; clk_1Khz   ; clk_1Khz ; None                        ; None                      ; 1.100 ns                ;
; N/A   ; Restricted to 200.00 MHz ( period = 5.000 ns ) ; decimal_counter:comb_6|out_dat[0] ; decimal_counter:comb_6|out_dat[0] ; clk_1Khz   ; clk_1Khz ; None                        ; None                      ; 1.100 ns                ;
; N/A   ; Restricted to 200.00 MHz ( period = 5.000 ns ) ; decimal_counter:comb_7|out_dat[0] ; decimal_counter:comb_7|out_dat[0] ; clk_1Khz   ; clk_1Khz ; None                        ; None                      ; 1.100 ns                ;
; N/A   ; Restricted to 200.00 MHz ( period = 5.000 ns ) ; decimal_counter:comb_9|out_dat[0] ; decimal_counter:comb_9|out_dat[0] ; clk_1Khz   ; clk_1Khz ; None                        ; None                      ; 1.100 ns                ;
; N/A   ; Restricted to 200.00 MHz ( period = 5.000 ns ) ; decimal_counter:comb_4|out_dat[0] ; decimal_counter:comb_4|out_dat[0] ; clk_1Khz   ; clk_1Khz ; None                        ; None                      ; 1.100 ns                ;
+-------+------------------------------------------------+-----------------------------------+-----------------------------------+------------+----------+-----------------------------+---------------------------+-------------------------+


+-----------------------------------------------------------------------------------------+
; tsu                                                                                     ;
+-------+--------------+------------+------+-----------------------------------+----------+
; Slack ; Required tsu ; Actual tsu ; From ; To                                ; To Clock ;
+-------+--------------+------------+------+-----------------------------------+----------+
; N/A   ; None         ; 1.400 ns   ; EN   ; decimal_counter:comb_4|out_dat[3] ; clk_1Khz ;
; N/A   ; None         ; 1.400 ns   ; EN   ; decimal_counter:comb_4|out_dat[0] ; clk_1Khz ;
; N/A   ; None         ; 1.400 ns   ; EN   ; decimal_counter:comb_4|out_dat[2] ; clk_1Khz ;
; N/A   ; None         ; 1.400 ns   ; EN   ; decimal_counter:comb_4|out_dat[1] ; clk_1Khz ;
; N/A   ; None         ; 1.300 ns   ; EN   ; decimal_counter:comb_4|FULL       ; clk_1Khz ;
; N/A   ; None         ; -1.600 ns  ; EN   ; decimal_counter:comb_5|out_dat[0] ; clk_1Khz ;
; N/A   ; None         ; -1.600 ns  ; EN   ; decimal_counter:comb_5|out_dat[1] ; clk_1Khz ;
; N/A   ; None         ; -1.600 ns  ; EN   ; decimal_counter:comb_5|out_dat[2] ; clk_1Khz ;
; N/A   ; None         ; -1.600 ns  ; EN   ; decimal_counter:comb_5|out_dat[3] ; clk_1Khz ;
; N/A   ; None         ; -1.700 ns  ; EN   ; decimal_counter:comb_5|FULL       ; clk_1Khz ;
; N/A   ; None         ; -4.200 ns  ; EN   ; decimal_counter:comb_6|out_dat[0] ; clk_1Khz ;
; N/A   ; None         ; -4.200 ns  ; EN   ; decimal_counter:comb_6|out_dat[1] ; clk_1Khz ;
; N/A   ; None         ; -4.200 ns  ; EN   ; decimal_counter:comb_6|out_dat[2] ; clk_1Khz ;
; N/A   ; None         ; -4.200 ns  ; EN   ; decimal_counter:comb_6|out_dat[3] ; clk_1Khz ;
; N/A   ; None         ; -4.200 ns  ; EN   ; decimal_counter:comb_6|FULL       ; clk_1Khz ;
; N/A   ; None         ; -5.000 ns  ; EN   ; decimal_counter:comb_7|FULL       ; clk_1Khz ;
; N/A   ; None         ; -6.200 ns  ; EN   ; decimal_counter:comb_7|out_dat[0] ; clk_1Khz ;
; N/A   ; None         ; -6.200 ns  ; EN   ; decimal_counter:comb_7|out_dat[1] ; clk_1Khz ;
; N/A   ; None         ; -6.200 ns  ; EN   ; decimal_counter:comb_7|out_dat[2] ; clk_1Khz ;
; N/A   ; None         ; -6.200 ns  ; EN   ; decimal_counter:comb_7|out_dat[3] ; clk_1Khz ;
; N/A   ; None         ; -8.500 ns  ; EN   ; Six_counter:comb_8|out_dat[0]     ; clk_1Khz ;
; N/A   ; None         ; -8.500 ns  ; EN   ; Six_counter:comb_8|out_dat[1]     ; clk_1Khz ;
; N/A   ; None         ; -8.500 ns  ; EN   ; Six_counter:comb_8|out_dat[2]     ; clk_1Khz ;
; N/A   ; None         ; -8.500 ns  ; EN   ; Six_counter:comb_8|out_dat[3]     ; clk_1Khz ;
; N/A   ; None         ; -8.500 ns  ; EN   ; Six_counter:comb_8|FULL           ; clk_1Khz ;
; N/A   ; None         ; -11.400 ns ; EN   ; decimal_counter:comb_9|out_dat[0] ; clk_1Khz ;
; N/A   ; None         ; -11.400 ns ; EN   ; decimal_counter:comb_9|out_dat[1] ; clk_1Khz ;
; N/A   ; None         ; -11.400 ns ; EN   ; decimal_counter:comb_9|out_dat[2] ; clk_1Khz ;
; N/A   ; None         ; -11.400 ns ; EN   ; decimal_counter:comb_9|out_dat[3] ; clk_1Khz ;
; N/A   ; None         ; -11.500 ns ; EN   ; decimal_counter:comb_9|FULL       ; clk_1Khz ;
; N/A   ; None         ; -14.800 ns ; EN   ; Six_counter:comb_10|out_dat[0]    ; clk_1Khz ;
; N/A   ; None         ; -14.800 ns ; EN   ; Six_counter:comb_10|out_dat[1]    ; clk_1Khz ;
; N/A   ; None         ; -14.800 ns ; EN   ; Six_counter:comb_10|out_dat[2]    ; clk_1Khz ;
; N/A   ; None         ; -14.800 ns ; EN   ; Six_counter:comb_10|out_dat[3]    ; clk_1Khz ;
+-------+--------------+------------+------+-----------------------------------+----------+


+--------------------------------------------------------------------------------------------------+
; tco                                                                                              ;
+-------+--------------+------------+-----------------------------------+-------------+------------+
; Slack ; Required tco ; Actual tco ; From                              ; To          ; From Clock ;
+-------+--------------+------------+-----------------------------------+-------------+------------+
; N/A   ; None         ; 27.700 ns  ; Six_counter:comb_10|out_dat[2]    ; dispbuf[22] ; clk_1Khz   ;
; N/A   ; None         ; 26.700 ns  ; Six_counter:comb_10|out_dat[3]    ; dispbuf[23] ; clk_1Khz   ;
; N/A   ; None         ; 26.700 ns  ; Six_counter:comb_10|out_dat[1]    ; dispbuf[21] ; clk_1Khz   ;
; N/A   ; None         ; 26.700 ns  ; Six_counter:comb_10|out_dat[0]    ; dispbuf[20] ; clk_1Khz   ;
; N/A   ; None         ; 24.100 ns  ; decimal_counter:comb_9|out_dat[1] ; dispbuf[17] ; clk_1Khz   ;
; N/A   ; None         ; 24.100 ns  ; decimal_counter:comb_9|out_dat[0] ; dispbuf[16] ; clk_1Khz   ;
; N/A   ; None         ; 23.100 ns  ; decimal_counter:comb_9|out_dat[3] ; dispbuf[19] ; clk_1Khz   ;
; N/A   ; None         ; 23.100 ns  ; decimal_counter:comb_9|out_dat[2] ; dispbuf[18] ; clk_1Khz   ;
; N/A   ; None         ; 21.300 ns  ; Six_counter:comb_8|out_dat[3]     ; dispbuf[15] ; clk_1Khz   ;
; N/A   ; None         ; 20.300 ns  ; Six_counter:comb_8|out_dat[2]     ; dispbuf[14] ; clk_1Khz   ;
; N/A   ; None         ; 20.300 ns  ; Six_counter:comb_8|out_dat[1]     ; dispbuf[13] ; clk_1Khz   ;
; N/A   ; None         ; 20.300 ns  ; Six_counter:comb_8|out_dat[0]     ; dispbuf[12] ; clk_1Khz   ;
; N/A   ; None         ; 18.800 ns  ; decimal_counter:comb_7|out_dat[1] ; dispbuf[9]  ; clk_1Khz   ;
; N/A   ; None         ; 18.800 ns  ; decimal_counter:comb_7|out_dat[0] ; dispbuf[8]  ; clk_1Khz   ;
; N/A   ; None         ; 18.000 ns  ; decimal_counter:comb_7|out_dat[2] ; dispbuf[10] ; clk_1Khz   ;
; N/A   ; None         ; 17.600 ns  ; decimal_counter:comb_7|out_dat[3] ; dispbuf[11] ; clk_1Khz   ;
; N/A   ; None         ; 15.900 ns  ; decimal_counter:comb_6|out_dat[1] ; dispbuf[5]  ; clk_1Khz   ;
; N/A   ; None         ; 15.600 ns  ; decimal_counter:comb_6|out_dat[3] ; dispbuf[7]  ; clk_1Khz   ;
; N/A   ; None         ; 15.400 ns  ; decimal_counter:comb_6|out_dat[2] ; dispbuf[6]  ; clk_1Khz   ;
; N/A   ; None         ; 15.400 ns  ; decimal_counter:comb_6|out_dat[0] ; dispbuf[4]  ; clk_1Khz   ;
; N/A   ; None         ; 14.400 ns  ; decimal_counter:comb_5|out_dat[2] ; dispbuf[2]  ; clk_1Khz   ;
; N/A   ; None         ; 13.300 ns  ; decimal_counter:comb_5|out_dat[3] ; dispbuf[3]  ; clk_1Khz   ;
; N/A   ; None         ; 13.300 ns  ; decimal_counter:comb_5|out_dat[1] ; dispbuf[1]  ; clk_1Khz   ;
; N/A   ; None         ; 13.300 ns  ; decimal_counter:comb_5|out_dat[0] ; dispbuf[0]  ; clk_1Khz   ;
+-------+--------------+------------+-----------------------------------+-------------+------------+


+-----------------------------------------------------------------------------------------------+
; th                                                                                            ;
+---------------+-------------+-----------+------+-----------------------------------+----------+
; Minimum Slack ; Required th ; Actual th ; From ; To                                ; To Clock ;
+---------------+-------------+-----------+------+-----------------------------------+----------+
; N/A           ; None        ; 16.700 ns ; EN   ; Six_counter:comb_10|out_dat[0]    ; clk_1Khz ;
; N/A           ; None        ; 16.700 ns ; EN   ; Six_counter:comb_10|out_dat[1]    ; clk_1Khz ;
; N/A           ; None        ; 16.700 ns ; EN   ; Six_counter:comb_10|out_dat[2]    ; clk_1Khz ;
; N/A           ; None        ; 16.700 ns ; EN   ; Six_counter:comb_10|out_dat[3]    ; clk_1Khz ;
; N/A           ; None        ; 13.400 ns ; EN   ; decimal_counter:comb_9|FULL       ; clk_1Khz ;
; N/A           ; None        ; 13.300 ns ; EN   ; decimal_counter:comb_9|out_dat[0] ; clk_1Khz ;
; N/A           ; None        ; 13.300 ns ; EN   ; decimal_counter:comb_9|out_dat[1] ; clk_1Khz ;
; N/A           ; None        ; 13.300 ns ; EN   ; decimal_counter:comb_9|out_dat[2] ; clk_1Khz ;
; N/A           ; None        ; 13.300 ns ; EN   ; decimal_counter:comb_9|out_dat[3] ; clk_1Khz ;
; N/A           ; None        ; 10.400 ns ; EN   ; Six_counter:comb_8|out_dat[0]     ; clk_1Khz ;
; N/A           ; None        ; 10.400 ns ; EN   ; Six_counter:comb_8|out_dat[1]     ; clk_1Khz ;
; N/A           ; None        ; 10.400 ns ; EN   ; Six_counter:comb_8|out_dat[2]     ; clk_1Khz ;
; N/A           ; None        ; 10.400 ns ; EN   ; Six_counter:comb_8|out_dat[3]     ; clk_1Khz ;
; N/A           ; None        ; 10.400 ns ; EN   ; Six_counter:comb_8|FULL           ; clk_1Khz ;
; N/A           ; None        ; 8.100 ns  ; EN   ; decimal_counter:comb_7|out_dat[0] ; clk_1Khz ;
; N/A           ; None        ; 8.100 ns  ; EN   ; decimal_counter:comb_7|out_dat[1] ; clk_1Khz ;
; N/A           ; None        ; 8.100 ns  ; EN   ; decimal_counter:comb_7|out_dat[2] ; clk_1Khz ;
; N/A           ; None        ; 8.100 ns  ; EN   ; decimal_counter:comb_7|out_dat[3] ; clk_1Khz ;
; N/A           ; None        ; 6.900 ns  ; EN   ; decimal_counter:comb_7|FULL       ; clk_1Khz ;
; N/A           ; None        ; 6.100 ns  ; EN   ; decimal_counter:comb_6|out_dat[0] ; clk_1Khz ;
; N/A           ; None        ; 6.100 ns  ; EN   ; decimal_counter:comb_6|out_dat[1] ; clk_1Khz ;
; N/A           ; None        ; 6.100 ns  ; EN   ; decimal_counter:comb_6|out_dat[2] ; clk_1Khz ;
; N/A           ; None        ; 6.100 ns  ; EN   ; decimal_counter:comb_6|out_dat[3] ; clk_1Khz ;
; N/A           ; None        ; 6.100 ns  ; EN   ; decimal_counter:comb_6|FULL       ; clk_1Khz ;
; N/A           ; None        ; 3.600 ns  ; EN   ; decimal_counter:comb_5|FULL       ; clk_1Khz ;
; N/A           ; None        ; 3.500 ns  ; EN   ; decimal_counter:comb_5|out_dat[0] ; clk_1Khz ;
; N/A           ; None        ; 3.500 ns  ; EN   ; decimal_counter:comb_5|out_dat[1] ; clk_1Khz ;
; N/A           ; None        ; 3.500 ns  ; EN   ; decimal_counter:comb_5|out_dat[2] ; clk_1Khz ;
; N/A           ; None        ; 3.500 ns  ; EN   ; decimal_counter:comb_5|out_dat[3] ; clk_1Khz ;
; N/A           ; None        ; 0.600 ns  ; EN   ; decimal_counter:comb_4|FULL       ; clk_1Khz ;
; N/A           ; None        ; 0.500 ns  ; EN   ; decimal_counter:comb_4|out_dat[3] ; clk_1Khz ;
; N/A           ; None        ; 0.500 ns  ; EN   ; decimal_counter:comb_4|out_dat[0] ; clk_1Khz ;
; N/A           ; None        ; 0.500 ns  ; EN   ; decimal_counter:comb_4|out_dat[2] ; clk_1Khz ;
; N/A           ; None        ; 0.500 ns  ; EN   ; decimal_counter:comb_4|out_dat[1] ; clk_1Khz ;
+---------------+-------------+-----------+------+-----------------------------------+----------+


+--------------------------+
; Timing Analyzer Messages ;
+--------------------------+
Info: *******************************************************************
Info: Running Quartus II Classic Timing Analyzer
    Info: Version 9.0 Build 132 02/25/2009 SJ Full Version
    Info: Processing started: Fri Jan 15 12:09:21 2016
Info: Command: quartus_tan --read_settings_files=off --write_settings_files=off watch_cnt -c watch_cnt
Info: Parallel compilation is enabled and will use 2 of the 2 processors detected
Info: Started post-fitting delay annotation
Info: Delay annotation completed successfully
Warning: Found pins functioning as undefined clocks and/or memory enables
    Info: Assuming node "clk_1Khz" is an undefined clock
Warning: Found 6 node(s) in clock paths which may be acting as ripple and/or gated clocks -- node(s) analyzed as buffer(s) resulting in clock skew
    Info: Detected ripple clock "decimal_counter:comb_9|FULL" as buffer
    Info: Detected ripple clock "Six_counter:comb_8|FULL" as buffer
    Info: Detected ripple clock "decimal_counter:comb_7|FULL" as buffer
    Info: Detected ripple clock "decimal_counter:comb_6|FULL" as buffer
    Info: Detected ripple clock "decimal_counter:comb_5|FULL" as buffer
    Info: Detected ripple clock "decimal_counter:comb_4|FULL" as buffer
Info: Clock "clk_1Khz" has Internal fmax of 140.85 MHz between source register "Six_counter:comb_10|out_dat[2]" and destination register "Six_counter:comb_10|out_dat[2]" (period= 7.1 ns)
    Info: + Longest register to register delay is 6.000 ns
        Info: 1: + IC(0.000 ns) + CELL(0.000 ns) = 0.000 ns; Loc. = LC1_C35; Fanout = 4; REG Node = 'Six_counter:comb_10|out_dat[2]'
        Info: 2: + IC(1.000 ns) + CELL(1.600 ns) = 2.600 ns; Loc. = LC7_C34; Fanout = 3; COMB Node = 'Six_counter:comb_10|Equal0~0'
        Info: 3: + IC(0.300 ns) + CELL(1.400 ns) = 4.300 ns; Loc. = LC2_C34; Fanout = 1; COMB Node = 'Six_counter:comb_10|out_dat[2]~11'
        Info: 4: + IC(0.900 ns) + CELL(0.800 ns) = 6.000 ns; Loc. = LC1_C35; Fanout = 4; REG Node = 'Six_counter:comb_10|out_dat[2]'
        Info: Total cell delay = 3.800 ns ( 63.33 % )
        Info: Total interconnect delay = 2.200 ns ( 36.67 % )
    Info: - Smallest clock skew is 0.000 ns
        Info: + Shortest clock path from clock "clk_1Khz" to destination register is 18.600 ns
            Info: 1: + IC(0.000 ns) + CELL(2.000 ns) = 2.000 ns; Loc. = PIN_55; Fanout = 5; CLK Node = 'clk_1Khz'
            Info: 2: + IC(0.400 ns) + CELL(0.500 ns) = 2.900 ns; Loc. = LC4_D36; Fanout = 5; REG Node = 'decimal_counter:comb_4|FULL'
            Info: 3: + IC(2.400 ns) + CELL(0.500 ns) = 5.800 ns; Loc. = LC2_D1; Fanout = 5; REG Node = 'decimal_counter:comb_5|FULL'
            Info: 4: + IC(2.100 ns) + CELL(0.500 ns) = 8.400 ns; Loc. = LC2_A2; Fanout = 5; REG Node = 'decimal_counter:comb_6|FULL'
            Info: 5: + IC(0.300 ns) + CELL(0.500 ns) = 9.200 ns; Loc. = LC1_A2; Fanout = 5; REG Node = 'decimal_counter:comb_7|FULL'
            Info: 6: + IC(3.000 ns) + CELL(0.500 ns) = 12.700 ns; Loc. = LC3_D36; Fanout = 5; REG Node = 'Six_counter:comb_8|FULL'
            Info: 7: + IC(2.400 ns) + CELL(0.500 ns) = 15.600 ns; Loc. = LC1_D1; Fanout = 4; REG Node = 'decimal_counter:comb_9|FULL'
            Info: 8: + IC(3.000 ns) + CELL(0.000 ns) = 18.600 ns; Loc. = LC1_C35; Fanout = 4; REG Node = 'Six_counter:comb_10|out_dat[2]'
            Info: Total cell delay = 5.000 ns ( 26.88 % )
            Info: Total interconnect delay = 13.600 ns ( 73.12 % )
        Info: - Longest clock path from clock "clk_1Khz" to source register is 18.600 ns
            Info: 1: + IC(0.000 ns) + CELL(2.000 ns) = 2.000 ns; Loc. = PIN_55; Fanout = 5; CLK Node = 'clk_1Khz'
            Info: 2: + IC(0.400 ns) + CELL(0.500 ns) = 2.900 ns; Loc. = LC4_D36; Fanout = 5; REG Node = 'decimal_counter:comb_4|FULL'
            Info: 3: + IC(2.400 ns) + CELL(0.500 ns) = 5.800 ns; Loc. = LC2_D1; Fanout = 5; REG Node = 'decimal_counter:comb_5|FULL'
            Info: 4: + IC(2.100 ns) + CELL(0.500 ns) = 8.400 ns; Loc. = LC2_A2; Fanout = 5; REG Node = 'decimal_counter:comb_6|FULL'
            Info: 5: + IC(0.300 ns) + CELL(0.500 ns) = 9.200 ns; Loc. = LC1_A2; Fanout = 5; REG Node = 'decimal_counter:comb_7|FULL'
            Info: 6: + IC(3.000 ns) + CELL(0.500 ns) = 12.700 ns; Loc. = LC3_D36; Fanout = 5; REG Node = 'Six_counter:comb_8|FULL'
            Info: 7: + IC(2.400 ns) + CELL(0.500 ns) = 15.600 ns; Loc. = LC1_D1; Fanout = 4; REG Node = 'decimal_counter:comb_9|FULL'
            Info: 8: + IC(3.000 ns) + CELL(0.000 ns) = 18.600 ns; Loc. = LC1_C35; Fanout = 4; REG Node = 'Six_counter:comb_10|out_dat[2]'
            Info: Total cell delay = 5.000 ns ( 26.88 % )
            Info: Total interconnect delay = 13.600 ns ( 73.12 % )
    Info: + Micro clock to output delay of source is 0.500 ns
    Info: + Micro setup delay of destination is 0.600 ns
Info: tsu for register "decimal_counter:comb_4|out_dat[3]" (data pin = "EN", clock pin = "clk_1Khz") is 1.400 ns
    Info: + Longest pin to register delay is 3.200 ns
        Info: 1: + IC(0.000 ns) + CELL(2.000 ns) = 2.000 ns; Loc. = PIN_54; Fanout = 34; PIN Node = 'EN'
        Info: 2: + IC(0.200 ns) + CELL(1.000 ns) = 3.200 ns; Loc. = LC2_D35; Fanout = 2; REG Node = 'decimal_counter:comb_4|out_dat[3]'
        Info: Total cell delay = 3.000 ns ( 93.75 % )
        Info: Total interconnect delay = 0.200 ns ( 6.25 % )
    Info: + Micro setup delay of destination is 0.600 ns
    Info: - Shortest clock path from clock "clk_1Khz" to destination register is 2.400 ns
        Info: 1: + IC(0.000 ns) + CELL(2.000 ns) = 2.000 ns; Loc. = PIN_55; Fanout = 5; CLK Node = 'clk_1Khz'
        Info: 2: + IC(0.400 ns) + CELL(0.000 ns) = 2.400 ns; Loc. = LC2_D35; Fanout = 2; REG Node = 'decimal_counter:comb_4|out_dat[3]'
        Info: Total cell delay = 2.000 ns ( 83.33 % )
        Info: Total interconnect delay = 0.400 ns ( 16.67 % )
Info: tco from clock "clk_1Khz" to destination pin "dispbuf[22]" through register "Six_counter:comb_10|out_dat[2]" is 27.700 ns
    Info: + Longest clock path from clock "clk_1Khz" to source register is 18.600 ns
        Info: 1: + IC(0.000 ns) + CELL(2.000 ns) = 2.000 ns; Loc. = PIN_55; Fanout = 5; CLK Node = 'clk_1Khz'
        Info: 2: + IC(0.400 ns) + CELL(0.500 ns) = 2.900 ns; Loc. = LC4_D36; Fanout = 5; REG Node = 'decimal_counter:comb_4|FULL'
        Info: 3: + IC(2.400 ns) + CELL(0.500 ns) = 5.800 ns; Loc. = LC2_D1; Fanout = 5; REG Node = 'decimal_counter:comb_5|FULL'
        Info: 4: + IC(2.100 ns) + CELL(0.500 ns) = 8.400 ns; Loc. = LC2_A2; Fanout = 5; REG Node = 'decimal_counter:comb_6|FULL'
        Info: 5: + IC(0.300 ns) + CELL(0.500 ns) = 9.200 ns; Loc. = LC1_A2; Fanout = 5; REG Node = 'decimal_counter:comb_7|FULL'
        Info: 6: + IC(3.000 ns) + CELL(0.500 ns) = 12.700 ns; Loc. = LC3_D36; Fanout = 5; REG Node = 'Six_counter:comb_8|FULL'
        Info: 7: + IC(2.400 ns) + CELL(0.500 ns) = 15.600 ns; Loc. = LC1_D1; Fanout = 4; REG Node = 'decimal_counter:comb_9|FULL'
        Info: 8: + IC(3.000 ns) + CELL(0.000 ns) = 18.600 ns; Loc. = LC1_C35; Fanout = 4; REG Node = 'Six_counter:comb_10|out_dat[2]'
        Info: Total cell delay = 5.000 ns ( 26.88 % )
        Info: Total interconnect delay = 13.600 ns ( 73.12 % )
    Info: + Micro clock to output delay of source is 0.500 ns
    Info: + Longest register to pin delay is 8.600 ns
        Info: 1: + IC(0.000 ns) + CELL(0.000 ns) = 0.000 ns; Loc. = LC1_C35; Fanout = 4; REG Node = 'Six_counter:comb_10|out_dat[2]'
        Info: 2: + IC(2.300 ns) + CELL(6.300 ns) = 8.600 ns; Loc. = PIN_97; Fanout = 0; PIN Node = 'dispbuf[22]'
        Info: Total cell delay = 6.300 ns ( 73.26 % )
        Info: Total interconnect delay = 2.300 ns ( 26.74 % )
Info: th for register "Six_counter:comb_10|out_dat[0]" (data pin = "EN", clock pin = "clk_1Khz") is 16.700 ns
    Info: + Longest clock path from clock "clk_1Khz" to destination register is 18.600 ns
        Info: 1: + IC(0.000 ns) + CELL(2.000 ns) = 2.000 ns; Loc. = PIN_55; Fanout = 5; CLK Node = 'clk_1Khz'
        Info: 2: + IC(0.400 ns) + CELL(0.500 ns) = 2.900 ns; Loc. = LC4_D36; Fanout = 5; REG Node = 'decimal_counter:comb_4|FULL'
        Info: 3: + IC(2.400 ns) + CELL(0.500 ns) = 5.800 ns; Loc. = LC2_D1; Fanout = 5; REG Node = 'decimal_counter:comb_5|FULL'
        Info: 4: + IC(2.100 ns) + CELL(0.500 ns) = 8.400 ns; Loc. = LC2_A2; Fanout = 5; REG Node = 'decimal_counter:comb_6|FULL'
        Info: 5: + IC(0.300 ns) + CELL(0.500 ns) = 9.200 ns; Loc. = LC1_A2; Fanout = 5; REG Node = 'decimal_counter:comb_7|FULL'
        Info: 6: + IC(3.000 ns) + CELL(0.500 ns) = 12.700 ns; Loc. = LC3_D36; Fanout = 5; REG Node = 'Six_counter:comb_8|FULL'
        Info: 7: + IC(2.400 ns) + CELL(0.500 ns) = 15.600 ns; Loc. = LC1_D1; Fanout = 4; REG Node = 'decimal_counter:comb_9|FULL'
        Info: 8: + IC(3.000 ns) + CELL(0.000 ns) = 18.600 ns; Loc. = LC1_C34; Fanout = 5; REG Node = 'Six_counter:comb_10|out_dat[0]'
        Info: Total cell delay = 5.000 ns ( 26.88 % )
        Info: Total interconnect delay = 13.600 ns ( 73.12 % )
    Info: + Micro hold delay of destination is 1.300 ns
    Info: - Shortest pin to register delay is 3.200 ns
        Info: 1: + IC(0.000 ns) + CELL(2.000 ns) = 2.000 ns; Loc. = PIN_54; Fanout = 34; PIN Node = 'EN'
        Info: 2: + IC(0.200 ns) + CELL(1.000 ns) = 3.200 ns; Loc. = LC1_C34; Fanout = 5; REG Node = 'Six_counter:comb_10|out_dat[0]'
        Info: Total cell delay = 3.000 ns ( 93.75 % )
        Info: Total interconnect delay = 0.200 ns ( 6.25 % )
Info: Quartus II Classic Timing Analyzer was successful. 0 errors, 2 warnings
    Info: Peak virtual memory: 205 megabytes
    Info: Processing ended: Fri Jan 15 12:09:21 2016
    Info: Elapsed time: 00:00:00
    Info: Total CPU time (on all processors): 00:00:00


